This is LuaHBTeX, Version 1.21.0 (TeX Live 2025)  (format=lualatex 2025.11.21)  8 JUL 2026 11:18
 restricted system commands enabled.
**manual.tex
(./manual.tex
LaTeX2e <2024-11-01> patch level 2
L3 programming layer <2025-01-18>
Lua module: luaotfload 2024-12-03 v3.29 Lua based OpenType font support
Lua module: lualibs 2023-07-13 v2.76 ConTeXt Lua standard libraries.
Lua module: lualibs-extended 2023-07-13 v2.76 ConTeXt Lua libraries -- extended 
collection.
luaotfload | conf : Root cache directory is "/Users/michelebigi/Library/texlive/
2025/texmf-var/luatex-cache/generic/names".
luaotfload | init : Loading fontloader "fontloader-2023-12-28.lua" from kpse-res
olved path "/usr/local/texlive/2025/texmf-dist/tex/luatex/luaotfload/fontloader-
2023-12-28.lua".
Lua-only attribute luaotfload@noligature = 1
luaotfload | init : Context OpenType loader version 3.134
Inserting `luaotfload.node_processor' in `pre_linebreak_filter'.
Inserting `luaotfload.node_processor' in `hpack_filter'.
Inserting `luaotfload.glyph_stream' in `glyph_stream_provider'.
Inserting `luaotfload.define_font' in `define_font'.
Lua-only attribute luaotfload_color_attribute = 2
luaotfload | conf : Root cache directory is "/Users/michelebigi/Library/texlive/
2025/texmf-var/luatex-cache/generic/names".
Inserting `luaotfload.harf.strip_prefix' in `find_opentype_file'.
Inserting `luaotfload.harf.strip_prefix' in `find_truetype_file'.
Removing  `luaotfload.glyph_stream' from `glyph_stream_provider'.
Inserting `luaotfload.harf.glyphstream' in `glyph_stream_provider'.
Inserting `luaotfload.harf.finalize_vlist' in `post_linebreak_filter'.
Inserting `luaotfload.harf.finalize_hlist' in `hpack_filter'.
Inserting `luaotfload.cleanup_files' in `wrapup_run'.
Inserting `luaotfload.harf.finalize_unicode' in `finish_pdffile'.
Inserting `luaotfload.glyphinfo' in `glyph_info'.
Lua-only attribute luaotfload.letterspace_done = 3
Inserting `luaotfload.aux.set_sscale_dimens' in `luaotfload.patch_font'.
Inserting `luaotfload.aux.set_font_index' in `luaotfload.patch_font'.
Inserting `luaotfload.aux.patch_cambria_domh' in `luaotfload.patch_font'.
Inserting `luaotfload.aux.fixup_fontdata' in `luaotfload.patch_font_unsafe'.
Inserting `luaotfload.aux.set_capheight' in `luaotfload.patch_font'.
Inserting `luaotfload.aux.set_xheight' in `luaotfload.patch_font'.
Inserting `luaotfload.rewrite_fontname' in `luaotfload.patch_font'.
Inserting `tracingstacklevels' in `input_level_string'. (/usr/local/texlive/202
5/texmf-dist/tex/latex/koma-script/scrreprt.cls
Document Class: scrreprt 2024/10/24 v3.43 KOMA-Script document class (report)
(/usr/local/texlive/2025/texmf-dist/tex/latex/koma-script/scrkbase.sty
Package: scrkbase 2024/10/24 v3.43 KOMA-Script package (KOMA-Script-dependent b
asics and keyval usage)

(/usr/local/texlive/2025/texmf-dist/tex/latex/koma-script/scrbase.sty
Package: scrbase 2024/10/24 v3.43 KOMA-Script package (KOMA-Script-independent 
basics and keyval usage)

(/usr/local/texlive/2025/texmf-dist/tex/latex/koma-script/scrlfile.sty
Package: scrlfile 2024/10/24 v3.43 KOMA-Script package (file load hooks)

(/usr/local/texlive/2025/texmf-dist/tex/latex/koma-script/scrlfile-hook.sty
Package: scrlfile-hook 2024/10/24 v3.43 KOMA-Script package (using LaTeX hooks)


(/usr/local/texlive/2025/texmf-dist/tex/latex/koma-script/scrlogo.sty
Package: scrlogo 2024/10/24 v3.43 KOMA-Script package (logo)
)))
(/usr/local/texlive/2025/texmf-dist/tex/latex/graphics/keyval.sty
Package: keyval 2022/05/29 v1.15 key=value parser (DPC)
\KV@toks@=\toks17
)
Applying: [2021/05/01] Usage of raw or classic option list on input line 254.
Already applied: [0000/00/00] Usage of raw or classic option list on input line
 370.
))
(/usr/local/texlive/2025/texmf-dist/tex/latex/koma-script/tocbasic.sty
Package: tocbasic 2024/10/24 v3.43 KOMA-Script package (handling toc-files)
\scr@dte@tocline@numberwidth=\skip49
\scr@dte@tocline@numbox=\box52
)
Package tocbasic Info: omitting babel extension for `toc'
(tocbasic)             because of feature `nobabel' available
(tocbasic)             for `toc' on input line 137.
Package scrreprt Info: You've used standard option `12pt'.
(scrreprt)             This is correct!
(scrreprt)             Internally I'm using `fontsize=12pt'.
(scrreprt)             If you'd like to set the option with \KOMAoptions,
(scrreprt)             you'd have to use `fontsize=12pt' there
(scrreprt)             instead of `12pt', too.
Class scrreprt Info: You've used standard option `oneside'.
(scrreprt)           This is correct!
(scrreprt)           Internally I'm using `twoside=false'.
(scrreprt)           If you'd like to set the option with \KOMAoptions,
(scrreprt)           you'd have to use `twoside=false' there
(scrreprt)           instead of `oneside', too.
Class scrreprt Info: File `scrsize12pt.clo' used to setup font sizes on input l
ine 2713.

(/usr/local/texlive/2025/texmf-dist/tex/latex/koma-script/scrsize12pt.clo
File: scrsize12pt.clo 2024/10/24 v3.43 KOMA-Script font size class option (12pt
)
luaotfload | db : Font names database loaded from /Users/michelebigi/Library/tex
live/2025/texmf-var/luatex-cache/generic/names/luaotfload-names.luc.gz)
(/usr/local/texlive/2025/texmf-dist/tex/latex/koma-script/typearea.sty
Package: typearea 2024/10/24 v3.43 KOMA-Script package (type area)
\ta@bcor=\skip50
\ta@div=\count194
Package typearea Info: You've used standard option `a4paper'.
(typearea)             This is correct!
(typearea)             Internally I'm using `paper=a4'.
(typearea)             If you'd like to set the option with \KOMAoptions,
(typearea)             you'd have to use `paper=a4' there
(typearea)             instead of `a4paper', too.
Package typearea Info: You've used standard option `oneside'.
(typearea)             This is correct!
(typearea)             Internally I'm using `twoside=false'.
(typearea)             If you'd like to set the option with \KOMAoptions,
(typearea)             you'd have to use `twoside=false' there
(typearea)             instead of `oneside', too.
\ta@hblk=\skip51
\ta@vblk=\skip52
\ta@temp=\skip53
\footheight=\skip54
Package typearea Info: These are the values describing the layout:
(typearea)             DIV  = 12
(typearea)             BCOR = 0.0pt
(typearea)             \paperwidth      = 597.50793pt
(typearea)              \textwidth      = 448.13095pt
(typearea)              DIV departure   = -6%
(typearea)              \evensidemargin = 2.4185pt
(typearea)              \oddsidemargin  = 2.4185pt
(typearea)             \paperheight     = 845.04694pt
(typearea)              \textheight     = 635.5pt
(typearea)              \topmargin      = -41.72441pt
(typearea)              \headheight     = 18.125pt
(typearea)              \headsep        = 21.75pt
(typearea)              \topskip        = 12.0pt
(typearea)              \footskip       = 50.75pt
(typearea)              \baselineskip   = 14.5pt
(typearea)              on input line 1802.
)
\c@part=\count195
\c@chapter=\count196
\c@section=\count197
\c@subsection=\count198
\c@subsubsection=\count199
\c@paragraph=\count266
\c@subparagraph=\count267
\scr@dte@chapter@maxnumwidth=\skip55
Class scrreprt Info: using compatibility default `afterindent=bysign'
(scrreprt)           for `\chapter on input line 6020.
\scr@dte@section@maxnumwidth=\skip56
Class scrreprt Info: using compatibility default `runin=bysign'
(scrreprt)           for `\section on input line 6031.
Class scrreprt Info: using compatibility default `afterindent=bysign'
(scrreprt)           for `\section on input line 6031.
\scr@dte@part@maxnumwidth=\skip57
Class scrreprt Info: using compatibility default `afterindent=true'
(scrreprt)           for `\part on input line 6040.
\scr@dte@subsection@maxnumwidth=\skip58
Class scrreprt Info: using compatibility default `runin=bysign'
(scrreprt)           for `\subsection on input line 6050.
Class scrreprt Info: using compatibility default `afterindent=bysign'
(scrreprt)           for `\subsection on input line 6050.
\scr@dte@subsubsection@maxnumwidth=\skip59
Class scrreprt Info: using compatibility default `runin=bysign'
(scrreprt)           for `\subsubsection on input line 6060.
Class scrreprt Info: using compatibility default `afterindent=bysign'
(scrreprt)           for `\subsubsection on input line 6060.
\scr@dte@paragraph@maxnumwidth=\skip60
Class scrreprt Info: using compatibility default `runin=bysign'
(scrreprt)           for `\paragraph on input line 6071.
Class scrreprt Info: using compatibility default `afterindent=bysign'
(scrreprt)           for `\paragraph on input line 6071.
\scr@dte@subparagraph@maxnumwidth=\skip61
Class scrreprt Info: using compatibility default `runin=bysign'
(scrreprt)           for `\subparagraph on input line 6081.
Class scrreprt Info: using compatibility default `afterindent=bysign'
(scrreprt)           for `\subparagraph on input line 6081.
\abovecaptionskip=\skip62
\belowcaptionskip=\skip63
\c@pti@nb@sid@b@x=\box53
Package tocbasic Info: omitting babel extension for `lof'
(tocbasic)             because of feature `nobabel' available
(tocbasic)             for `lof' on input line 7269.
\scr@dte@figure@maxnumwidth=\skip64
\c@figure=\count268
Package tocbasic Info: omitting babel extension for `lot'
(tocbasic)             because of feature `nobabel' available
(tocbasic)             for `lot' on input line 7286.
\scr@dte@table@maxnumwidth=\skip65
\c@table=\count269
Class scrreprt Info: Redefining `\numberline' on input line 7457.
\bibindent=\dimen140
)
(./digiradio-manual.sty
Package: digiradio-manual 2026/07/06 DigiRadio manual style

(/usr/local/texlive/2025/texmf-dist/tex/latex/xcolor/xcolor.sty
Package: xcolor 2024/09/29 v3.02 LaTeX color extensions (UK)

(/usr/local/texlive/2025/texmf-dist/tex/latex/graphics-cfg/color.cfg
File: color.cfg 2016/01/02 v1.6 sample color configuration
)
Package xcolor Info: Driver file: luatex.def on input line 274.

(/usr/local/texlive/2025/texmf-dist/tex/latex/graphics-def/luatex.def
File: luatex.def 2024/04/13 v1.2e Graphics/color driver for luatex
)
(/usr/local/texlive/2025/texmf-dist/tex/latex/graphics/mathcolor.ltx)
Package xcolor Info: Model `cmy' substituted by `cmy0' on input line 1349.
Package xcolor Info: Model `hsb' substituted by `rgb' on input line 1353.
Package xcolor Info: Model `RGB' extended on input line 1365.
Package xcolor Info: Model `HTML' substituted by `rgb' on input line 1367.
Package xcolor Info: Model `Hsb' substituted by `hsb' on input line 1368.
Package xcolor Info: Model `tHsb' substituted by `hsb' on input line 1369.
Package xcolor Info: Model `HSB' substituted by `hsb' on input line 1370.
Package xcolor Info: Model `Gray' substituted by `gray' on input line 1371.
Package xcolor Info: Model `wave' substituted by `hsb' on input line 1372.
)
(/usr/local/texlive/2025/texmf-dist/tex/latex/colortbl/colortbl.sty
Package: colortbl 2024/07/06 v1.0i Color table columns (DPC)

(/usr/local/texlive/2025/texmf-dist/tex/latex/tools/array.sty
Package: array 2024/10/17 v2.6g Tabular extension package (FMi)
\col@sep=\dimen141
\ar@mcellbox=\box54
\extrarowheight=\dimen142
\NC@list=\toks18
\extratabsurround=\skip66
\backup@length=\skip67
\ar@cellbox=\box55
)
\everycr=\toks19
\minrowclearance=\skip68
\rownum=\count270
)
(/usr/local/texlive/2025/texmf-dist/tex/latex/graphics/dvipsnam.def
File: dvipsnam.def 2016/06/17 v3.0m Driver-dependent file (DPC,SPQR)
)
(/usr/local/texlive/2025/texmf-dist/tex/generic/iftex/iftex.sty
Package: iftex 2024/12/12 v1.0g TeX engine tests
)
(/usr/local/texlive/2025/texmf-dist/tex/latex/geometry/geometry.sty
Package: geometry 2020/01/02 v5.9 Page Geometry

(/usr/local/texlive/2025/texmf-dist/tex/generic/iftex/ifvtex.sty
Package: ifvtex 2019/10/25 v1.7 ifvtex legacy package. Use iftex instead.
)
\Gm@cnth=\count271
\Gm@cntv=\count272
\c@Gm@tempcnt=\count273
\Gm@bindingoffset=\dimen143
\Gm@wd@mp=\dimen144
\Gm@odd@mp=\dimen145
\Gm@even@mp=\dimen146
\Gm@layoutwidth=\dimen147
\Gm@layoutheight=\dimen148
\Gm@layouthoffset=\dimen149
\Gm@layoutvoffset=\dimen150
\Gm@dimlist=\toks20
)
(/usr/local/texlive/2025/texmf-dist/tex/latex/microtype/microtype.sty
Package: microtype 2025/02/11 v3.2a Micro-typographical refinements (RS)

(/usr/local/texlive/2025/texmf-dist/tex/latex/etoolbox/etoolbox.sty
Package: etoolbox 2025/02/11 v2.5l e-TeX tools for LaTeX (JAW)
\etb@tempcnta=\count274
)
\MT@toks=\toks21
\MT@tempbox=\box56
\MT@count=\count275
LaTeX Info: Redefining \noprotrusionifhmode on input line 1087.
LaTeX Info: Redefining \leftprotrusion on input line 1088.
\MT@prot@toks=\toks22
LaTeX Info: Redefining \rightprotrusion on input line 1107.
LaTeX Info: Redefining \textls on input line 1449.
\MT@outer@kern=\dimen151
LaTeX Info: Redefining \microtypecontext on input line 2053.
LaTeX Info: Redefining \textmicrotypecontext on input line 2070.
\MT@listname@count=\count276

(/usr/local/texlive/2025/texmf-dist/tex/latex/microtype/microtype-luatex.def
File: microtype-luatex.def 2025/02/11 v3.2a Definitions specific to luatex (RS)

Lua module: microtype 2025/02/11 v3.2a microtype module.
Module microtype Info: overwriting function `keepligature' on input line 63
LaTeX Info: Redefining \lsstyle on input line 779.
LaTeX Info: Redefining \lslig on input line 779.
\MT@outer@space=\skip69
)
Package microtype Info: Loading configuration file microtype.cfg.

(/usr/local/texlive/2025/texmf-dist/tex/latex/microtype/microtype.cfg
File: microtype.cfg 2025/02/11 v3.2a microtype main configuration file (RS)
)
LaTeX Info: Redefining \microtypesetup on input line 3065.
)
(/usr/local/texlive/2025/texmf-dist/tex/latex/setspace/setspace.sty
Package: setspace 2022/12/04 v6.7b set line spacing
)

Class scrreprt Warning: Usage of package `titlesec' together
(scrreprt)              with a KOMA-Script class is not recommended.
(scrreprt)              I'd suggest to use KOMA-Script features
(scrreprt)              like \setkomafont, \RedeclareSectionCommand, \sectionli
nesformat
(scrreprt)              and several others to re-configure section
(scrreprt)              headings.
(scrreprt)              Nevertheless, using requested
(scrreprt)              package `titlesec' on input line 24.

(/usr/local/texlive/2025/texmf-dist/tex/latex/titlesec/titlesec.sty
Package: titlesec 2025/01/04 v2.17 Sectioning titles
\ttl@box=\box57
\beforetitleunit=\skip70
\aftertitleunit=\skip71
\ttl@plus=\dimen152
\ttl@minus=\dimen153
\ttl@toksa=\toks23
\titlewidth=\dimen154
\titlewidthlast=\dimen155
\titlewidthfirst=\dimen156


Package titlesec Warning: Non standard sectioning command \section
(titlesec)                detected. Using default spacing and no format.


Package titlesec Warning: Non standard sectioning command \subsection
(titlesec)                detected. Using default spacing and no format.


Package titlesec Warning: Non standard sectioning command \subsubsection
(titlesec)                detected. Using default spacing and no format.


Package titlesec Warning: Non standard sectioning command \paragraph
(titlesec)                detected. Using default spacing and no format.


Package titlesec Warning: Non standard sectioning command \subparagraph
(titlesec)                detected. Using default spacing and no format.

) (/usr/local/texlive/2025/texmf-dist/tex/latex/booktabs/booktabs.sty
Package: booktabs 2020/01/12 v1.61803398 Publication quality tables
\heavyrulewidth=\dimen157
\lightrulewidth=\dimen158
\cmidrulewidth=\dimen159
\belowrulesep=\dimen160
\belowbottomsep=\dimen161
\aboverulesep=\dimen162
\abovetopsep=\dimen163
\cmidrulesep=\dimen164
\cmidrulekern=\dimen165
\defaultaddspace=\dimen166
\@cmidla=\count277
\@cmidlb=\count278
\@aboverulesep=\dimen167
\@belowrulesep=\dimen168
\@thisruleclass=\count279
\@lastruleclass=\count280
\@thisrulewidth=\dimen169
)
(/usr/local/texlive/2025/texmf-dist/tex/latex/enumitem/enumitem.sty
Package: enumitem 2025/02/06 v3.11 Customized lists
\labelindent=\skip72
\enit@outerparindent=\dimen170
\enit@toks=\toks24
\enit@inbox=\box58
\enit@count@id=\count281
\enitdp@description=\count282
)
(/usr/local/texlive/2025/texmf-dist/tex/latex/tcolorbox/tcolorbox.sty
Package: tcolorbox 2024/10/22 version 6.4.1 text color boxes

(/usr/local/texlive/2025/texmf-dist/tex/latex/pgf/frontendlayer/tikz.sty
(/usr/local/texlive/2025/texmf-dist/tex/latex/pgf/basiclayer/pgf.sty
(/usr/local/texlive/2025/texmf-dist/tex/latex/pgf/utilities/pgfrcs.sty
(/usr/local/texlive/2025/texmf-dist/tex/generic/pgf/utilities/pgfutil-common.te
x
\pgfutil@everybye=\toks25
\pgfutil@tempdima=\dimen171
\pgfutil@tempdimb=\dimen172
)
(/usr/local/texlive/2025/texmf-dist/tex/generic/pgf/utilities/pgfutil-latex.def
\pgfutil@abb=\box59
) (/usr/local/texlive/2025/texmf-dist/tex/generic/pgf/utilities/pgfrcs.code.tex
(/usr/local/texlive/2025/texmf-dist/tex/generic/pgf/pgf.revision.tex)
Package: pgfrcs 2023-01-15 v3.1.10 (3.1.10)
))
Package: pgf 2023-01-15 v3.1.10 (3.1.10)

(/usr/local/texlive/2025/texmf-dist/tex/latex/pgf/basiclayer/pgfcore.sty
(/usr/local/texlive/2025/texmf-dist/tex/latex/graphics/graphicx.sty
Package: graphicx 2021/09/16 v1.2d Enhanced LaTeX Graphics (DPC,SPQR)

(/usr/local/texlive/2025/texmf-dist/tex/latex/graphics/graphics.sty
Package: graphics 2024/08/06 v1.4g Standard LaTeX Graphics (DPC,SPQR)

(/usr/local/texlive/2025/texmf-dist/tex/latex/graphics/trig.sty
Package: trig 2023/12/02 v1.11 sin cos tan (DPC)
)
(/usr/local/texlive/2025/texmf-dist/tex/latex/graphics-cfg/graphics.cfg
File: graphics.cfg 2016/06/04 v1.11 sample graphics configuration
)
Package graphics Info: Driver file: luatex.def on input line 106.
)
\Gin@req@height=\dimen173
\Gin@req@width=\dimen174
)
(/usr/local/texlive/2025/texmf-dist/tex/latex/pgf/systemlayer/pgfsys.sty
(/usr/local/texlive/2025/texmf-dist/tex/generic/pgf/systemlayer/pgfsys.code.tex
Package: pgfsys 2023-01-15 v3.1.10 (3.1.10)
(/usr/local/texlive/2025/texmf-dist/tex/generic/pgf/utilities/pgfkeys.code.tex
\pgfkeys@pathtoks=\toks26
\pgfkeys@temptoks=\toks27

(/usr/local/texlive/2025/texmf-dist/tex/generic/pgf/utilities/pgfkeyslibraryfil
tered.code.tex
\pgfkeys@tmptoks=\toks28
))
\pgf@x=\dimen175
\pgf@y=\dimen176
\pgf@xa=\dimen177
\pgf@ya=\dimen178
\pgf@xb=\dimen179
\pgf@yb=\dimen180
\pgf@xc=\dimen181
\pgf@yc=\dimen182
\pgf@xd=\dimen183
\pgf@yd=\dimen184
\w@pgf@writea=\write3
\r@pgf@reada=\read2
\c@pgf@counta=\count283
\c@pgf@countb=\count284
\c@pgf@countc=\count285
\c@pgf@countd=\count286
\t@pgf@toka=\toks29
\t@pgf@tokb=\toks30
\t@pgf@tokc=\toks31
\pgf@sys@id@count=\count287

(/usr/local/texlive/2025/texmf-dist/tex/generic/pgf/systemlayer/pgf.cfg
File: pgf.cfg 2023-01-15 v3.1.10 (3.1.10)
)
Driver file for pgf: pgfsys-luatex.def

(/usr/local/texlive/2025/texmf-dist/tex/generic/pgf/systemlayer/pgfsys-luatex.d
ef
File: pgfsys-luatex.def 2023-01-15 v3.1.10 (3.1.10)

(/usr/local/texlive/2025/texmf-dist/tex/generic/pgf/systemlayer/pgfsys-common-p
df.def
File: pgfsys-common-pdf.def 2023-01-15 v3.1.10 (3.1.10)
)))
(/usr/local/texlive/2025/texmf-dist/tex/generic/pgf/systemlayer/pgfsyssoftpath.
code.tex
File: pgfsyssoftpath.code.tex 2023-01-15 v3.1.10 (3.1.10)
\pgfsyssoftpath@smallbuffer@items=\count288
\pgfsyssoftpath@bigbuffer@items=\count289
)
(/usr/local/texlive/2025/texmf-dist/tex/generic/pgf/systemlayer/pgfsysprotocol.
code.tex
File: pgfsysprotocol.code.tex 2023-01-15 v3.1.10 (3.1.10)
))
(/usr/local/texlive/2025/texmf-dist/tex/generic/pgf/basiclayer/pgfcore.code.tex
Package: pgfcore 2023-01-15 v3.1.10 (3.1.10)
(/usr/local/texlive/2025/texmf-dist/tex/generic/pgf/math/pgfmath.code.tex
(/usr/local/texlive/2025/texmf-dist/tex/generic/pgf/math/pgfmathutil.code.tex)
(/usr/local/texlive/2025/texmf-dist/tex/generic/pgf/math/pgfmathparser.code.tex
\pgfmath@dimen=\dimen185
\pgfmath@count=\count290
\pgfmath@box=\box60
\pgfmath@toks=\toks32
\pgfmath@stack@operand=\toks33
\pgfmath@stack@operation=\toks34
)
(/usr/local/texlive/2025/texmf-dist/tex/generic/pgf/math/pgfmathfunctions.code.
tex)
(/usr/local/texlive/2025/texmf-dist/tex/generic/pgf/math/pgfmathfunctions.basic
.code.tex)
(/usr/local/texlive/2025/texmf-dist/tex/generic/pgf/math/pgfmathfunctions.trigo
nometric.code.tex)
(/usr/local/texlive/2025/texmf-dist/tex/generic/pgf/math/pgfmathfunctions.rando
m.code.tex)
(/usr/local/texlive/2025/texmf-dist/tex/generic/pgf/math/pgfmathfunctions.compa
rison.code.tex)
(/usr/local/texlive/2025/texmf-dist/tex/generic/pgf/math/pgfmathfunctions.base.
code.tex)
(/usr/local/texlive/2025/texmf-dist/tex/generic/pgf/math/pgfmathfunctions.round
.code.tex)
(/usr/local/texlive/2025/texmf-dist/tex/generic/pgf/math/pgfmathfunctions.misc.
code.tex)
(/usr/local/texlive/2025/texmf-dist/tex/generic/pgf/math/pgfmathfunctions.integ
erarithmetics.code.tex)
(/usr/local/texlive/2025/texmf-dist/tex/generic/pgf/math/pgfmathcalc.code.tex)
(/usr/local/texlive/2025/texmf-dist/tex/generic/pgf/math/pgfmathfloat.code.tex
\c@pgfmathroundto@lastzeros=\count291
)) (/usr/local/texlive/2025/texmf-dist/tex/generic/pgf/math/pgfint.code.tex)
(/usr/local/texlive/2025/texmf-dist/tex/generic/pgf/basiclayer/pgfcorepoints.co
de.tex
File: pgfcorepoints.code.tex 2023-01-15 v3.1.10 (3.1.10)
\pgf@picminx=\dimen186
\pgf@picmaxx=\dimen187
\pgf@picminy=\dimen188
\pgf@picmaxy=\dimen189
\pgf@pathminx=\dimen190
\pgf@pathmaxx=\dimen191
\pgf@pathminy=\dimen192
\pgf@pathmaxy=\dimen193
\pgf@xx=\dimen194
\pgf@xy=\dimen195
\pgf@yx=\dimen196
\pgf@yy=\dimen197
\pgf@zx=\dimen198
\pgf@zy=\dimen199
)
(/usr/local/texlive/2025/texmf-dist/tex/generic/pgf/basiclayer/pgfcorepathconst
ruct.code.tex
File: pgfcorepathconstruct.code.tex 2023-01-15 v3.1.10 (3.1.10)
\pgf@path@lastx=\dimen256
\pgf@path@lasty=\dimen257
)
(/usr/local/texlive/2025/texmf-dist/tex/generic/pgf/basiclayer/pgfcorepathusage
.code.tex
File: pgfcorepathusage.code.tex 2023-01-15 v3.1.10 (3.1.10)
\pgf@shorten@end@additional=\dimen258
\pgf@shorten@start@additional=\dimen259
)
(/usr/local/texlive/2025/texmf-dist/tex/generic/pgf/basiclayer/pgfcorescopes.co
de.tex
File: pgfcorescopes.code.tex 2023-01-15 v3.1.10 (3.1.10)
\pgfpic=\box61
\pgf@hbox=\box62
\pgf@layerbox@main=\box63
\pgf@picture@serial@count=\count292
)
(/usr/local/texlive/2025/texmf-dist/tex/generic/pgf/basiclayer/pgfcoregraphicst
ate.code.tex
File: pgfcoregraphicstate.code.tex 2023-01-15 v3.1.10 (3.1.10)
\pgflinewidth=\dimen260
)
(/usr/local/texlive/2025/texmf-dist/tex/generic/pgf/basiclayer/pgfcoretransform
ations.code.tex
File: pgfcoretransformations.code.tex 2023-01-15 v3.1.10 (3.1.10)
\pgf@pt@x=\dimen261
\pgf@pt@y=\dimen262
\pgf@pt@temp=\dimen263
)
(/usr/local/texlive/2025/texmf-dist/tex/generic/pgf/basiclayer/pgfcorequick.cod
e.tex
File: pgfcorequick.code.tex 2023-01-15 v3.1.10 (3.1.10)
)
(/usr/local/texlive/2025/texmf-dist/tex/generic/pgf/basiclayer/pgfcoreobjects.c
ode.tex
File: pgfcoreobjects.code.tex 2023-01-15 v3.1.10 (3.1.10)
)
(/usr/local/texlive/2025/texmf-dist/tex/generic/pgf/basiclayer/pgfcorepathproce
ssing.code.tex
File: pgfcorepathprocessing.code.tex 2023-01-15 v3.1.10 (3.1.10)
)
(/usr/local/texlive/2025/texmf-dist/tex/generic/pgf/basiclayer/pgfcorearrows.co
de.tex
File: pgfcorearrows.code.tex 2023-01-15 v3.1.10 (3.1.10)
\pgfarrowsep=\dimen264
)
(/usr/local/texlive/2025/texmf-dist/tex/generic/pgf/basiclayer/pgfcoreshade.cod
e.tex
File: pgfcoreshade.code.tex 2023-01-15 v3.1.10 (3.1.10)
\pgf@max=\dimen265
\pgf@sys@shading@range@num=\count293
\pgf@shadingcount=\count294
)
(/usr/local/texlive/2025/texmf-dist/tex/generic/pgf/basiclayer/pgfcoreimage.cod
e.tex
File: pgfcoreimage.code.tex 2023-01-15 v3.1.10 (3.1.10)
)
(/usr/local/texlive/2025/texmf-dist/tex/generic/pgf/basiclayer/pgfcoreexternal.
code.tex
File: pgfcoreexternal.code.tex 2023-01-15 v3.1.10 (3.1.10)
\pgfexternal@startupbox=\box64
)
(/usr/local/texlive/2025/texmf-dist/tex/generic/pgf/basiclayer/pgfcorelayers.co
de.tex
File: pgfcorelayers.code.tex 2023-01-15 v3.1.10 (3.1.10)
)
(/usr/local/texlive/2025/texmf-dist/tex/generic/pgf/basiclayer/pgfcoretranspare
ncy.code.tex
File: pgfcoretransparency.code.tex 2023-01-15 v3.1.10 (3.1.10)
)
(/usr/local/texlive/2025/texmf-dist/tex/generic/pgf/basiclayer/pgfcorepatterns.
code.tex
File: pgfcorepatterns.code.tex 2023-01-15 v3.1.10 (3.1.10)
)
(/usr/local/texlive/2025/texmf-dist/tex/generic/pgf/basiclayer/pgfcorerdf.code.
tex
File: pgfcorerdf.code.tex 2023-01-15 v3.1.10 (3.1.10)
)))
(/usr/local/texlive/2025/texmf-dist/tex/generic/pgf/modules/pgfmoduleshapes.cod
e.tex
File: pgfmoduleshapes.code.tex 2023-01-15 v3.1.10 (3.1.10)
\pgfnodeparttextbox=\box65
)
(/usr/local/texlive/2025/texmf-dist/tex/generic/pgf/modules/pgfmoduleplot.code.
tex
File: pgfmoduleplot.code.tex 2023-01-15 v3.1.10 (3.1.10)
)
(/usr/local/texlive/2025/texmf-dist/tex/latex/pgf/compatibility/pgfcomp-version
-0-65.sty
Package: pgfcomp-version-0-65 2023-01-15 v3.1.10 (3.1.10)
\pgf@nodesepstart=\dimen266
\pgf@nodesepend=\dimen267
)
(/usr/local/texlive/2025/texmf-dist/tex/latex/pgf/compatibility/pgfcomp-version
-1-18.sty
Package: pgfcomp-version-1-18 2023-01-15 v3.1.10 (3.1.10)
))
(/usr/local/texlive/2025/texmf-dist/tex/latex/pgf/utilities/pgffor.sty
(/usr/local/texlive/2025/texmf-dist/tex/latex/pgf/utilities/pgfkeys.sty
(/usr/local/texlive/2025/texmf-dist/tex/generic/pgf/utilities/pgfkeys.code.tex))
 (/usr/local/texlive/2025/texmf-dist/tex/latex/pgf/math/pgfmath.sty
(/usr/local/texlive/2025/texmf-dist/tex/generic/pgf/math/pgfmath.code.tex))
(/usr/local/texlive/2025/texmf-dist/tex/generic/pgf/utilities/pgffor.code.tex
Package: pgffor 2023-01-15 v3.1.10 (3.1.10)
\pgffor@iter=\dimen268
\pgffor@skip=\dimen269
\pgffor@stack=\toks35
\pgffor@toks=\toks36
))
(/usr/local/texlive/2025/texmf-dist/tex/generic/pgf/frontendlayer/tikz/tikz.cod
e.tex
Package: tikz 2023-01-15 v3.1.10 (3.1.10)

(/usr/local/texlive/2025/texmf-dist/tex/generic/pgf/libraries/pgflibraryplothan
dlers.code.tex
File: pgflibraryplothandlers.code.tex 2023-01-15 v3.1.10 (3.1.10)
\pgf@plot@mark@count=\count295
\pgfplotmarksize=\dimen270
)
\tikz@lastx=\dimen271
\tikz@lasty=\dimen272
\tikz@lastxsaved=\dimen273
\tikz@lastysaved=\dimen274
\tikz@lastmovetox=\dimen275
\tikz@lastmovetoy=\dimen276
\tikzleveldistance=\dimen277
\tikzsiblingdistance=\dimen278
\tikz@figbox=\box66
\tikz@figbox@bg=\box67
\tikz@tempbox=\box68
\tikz@tempbox@bg=\box69
\tikztreelevel=\count296
\tikznumberofchildren=\count297
\tikznumberofcurrentchild=\count298
\tikz@fig@count=\count299

(/usr/local/texlive/2025/texmf-dist/tex/generic/pgf/modules/pgfmodulematrix.cod
e.tex
File: pgfmodulematrix.code.tex 2023-01-15 v3.1.10 (3.1.10)
\pgfmatrixcurrentrow=\count300
\pgfmatrixcurrentcolumn=\count301
\pgf@matrix@numberofcolumns=\count302
)
\tikz@expandcount=\count303

(/usr/local/texlive/2025/texmf-dist/tex/generic/pgf/frontendlayer/tikz/librarie
s/tikzlibrarytopaths.code.tex
File: tikzlibrarytopaths.code.tex 2023-01-15 v3.1.10 (3.1.10)
)))
(/usr/local/texlive/2025/texmf-dist/tex/latex/tools/verbatim.sty
Package: verbatim 2024-01-22 v1.5x LaTeX2e package for verbatim enhancements
\every@verbatim=\toks37
\verbatim@line=\toks38
\verbatim@in@stream=\read3
)
(/usr/local/texlive/2025/texmf-dist/tex/latex/environ/environ.sty
Package: environ 2014/05/04 v0.3 A new way to define environments

(/usr/local/texlive/2025/texmf-dist/tex/latex/trimspaces/trimspaces.sty
Package: trimspaces 2009/09/17 v1.1 Trim spaces around a token list
)
\@envbody=\toks39
)
\tcb@titlebox=\box70
\tcb@upperbox=\box71
\tcb@lowerbox=\box72
\tcb@phantombox=\box73
\c@tcbbreakpart=\count304
\c@tcblayer=\count305
\c@tcolorbox@number=\count306
\l__tcobox_tmpa_box=\box74
\l__tcobox_tmpa_dim=\dimen279
\tcb@temp=\box75
\tcb@temp=\box76
\tcb@temp=\box77
\tcb@temp=\box78

(/usr/local/texlive/2025/texmf-dist/tex/latex/tcolorbox/tcbraster.code.tex
Library (tcolorbox): 'tcbraster.code.tex' version '6.4.1'
\c@tcbrastercolumn=\count307
\c@tcbrasterrow=\count308
\c@tcbrasternum=\count309
\c@tcbraster=\count310
) (/usr/local/texlive/2025/texmf-dist/tex/latex/tcolorbox/tcbskins.code.tex
Library (tcolorbox): 'tcbskins.code.tex' version '6.4.1'
(/usr/local/texlive/2025/texmf-dist/tex/latex/tikzfill/tikzfill.image.sty
Package: tikzfill.image 2023/08/08 v1.0.1 Image filling library for TikZ

(/usr/local/texlive/2025/texmf-dist/tex/latex/tikzfill/tikzfill-common.sty
Package: tikzfill-common 2023/08/08 v1.0.1 Auxiliary code for tikzfill
)
(/usr/local/texlive/2025/texmf-dist/tex/latex/tikzfill/tikzlibraryfill.image.co
de.tex
File: tikzlibraryfill.image.code.tex 2023/08/08 v1.0.1 Image filling library
\l__tikzfill_img_box=\box79
))
(/usr/local/texlive/2025/texmf-dist/tex/latex/tcolorbox/tcbskinsjigsaw.code.tex
Library (tcolorbox): 'tcbskinsjigsaw.code.tex' version '6.4.1'
))
(/usr/local/texlive/2025/texmf-dist/tex/latex/tcolorbox/tcbbreakable.code.tex
Library (tcolorbox): 'tcbbreakable.code.tex' version '6.4.1'
(/usr/local/texlive/2025/texmf-dist/tex/latex/pdfcol/pdfcol.sty
Package: pdfcol 2022-09-21 v1.7 Handle new color stacks for pdfTeX (HO)

(/usr/local/texlive/2025/texmf-dist/tex/generic/ltxcmds/ltxcmds.sty
Package: ltxcmds 2023-12-04 v1.26 LaTeX kernel commands for general use (HO)
)
(/usr/local/texlive/2025/texmf-dist/tex/generic/infwarerr/infwarerr.sty
Package: infwarerr 2019/12/03 v1.5 Providing info/warning/error messages (HO)
))
Package pdfcol Info: New color stack `tcb@breakable' = 1 on input line 23.
\tcb@testbox=\box80
\tcb@totalupperbox=\box81
\tcb@totallowerbox=\box82

(/usr/local/texlive/2025/texmf-dist/tex/generic/iftex/ifluatex.sty
Package: ifluatex 2019/10/25 v1.5 ifluatex legacy package. Use iftex instead.
))
(/usr/local/texlive/2025/texmf-dist/tex/latex/tcolorbox/tcbhooks.code.tex
Library (tcolorbox): 'tcbhooks.code.tex' version '6.4.1'
) (/usr/local/texlive/2025/texmf-dist/tex/latex/tcolorbox/tcbtheorems.code.tex
Library (tcolorbox): 'tcbtheorems.code.tex' version '6.4.1'
(/usr/local/texlive/2025/texmf-dist/tex/latex/amsmath/amsmath.sty
Package: amsmath 2024/11/05 v2.17t AMS math features
\@mathmargin=\skip73

For additional information on amsmath, use the `?' option.
(/usr/local/texlive/2025/texmf-dist/tex/latex/amsmath/amstext.sty
Package: amstext 2021/08/26 v2.01 AMS text

(/usr/local/texlive/2025/texmf-dist/tex/latex/amsmath/amsgen.sty
File: amsgen.sty 1999/11/30 v2.0 generic functions
\@emptytoks=\toks40
\ex@=\dimen280
))
(/usr/local/texlive/2025/texmf-dist/tex/latex/amsmath/amsbsy.sty
Package: amsbsy 1999/11/29 v1.2d Bold Symbols
\pmbraise@=\dimen281
)
(/usr/local/texlive/2025/texmf-dist/tex/latex/amsmath/amsopn.sty
Package: amsopn 2022/04/08 v2.04 operator names
)
\inf@bad=\count311
LaTeX Info: Redefining \frac on input line 235.
\uproot@=\count312
\leftroot@=\count313
LaTeX Info: Redefining \overline on input line 398.
LaTeX Info: Redefining \colon on input line 409.
\classnum@=\count314
\DOTSCASE@=\count315
LaTeX Info: Redefining \ldots on input line 495.
LaTeX Info: Redefining \dots on input line 498.
LaTeX Info: Redefining \cdots on input line 619.
\Mathstrutbox@=\box83
\strutbox@=\box84
LaTeX Info: Redefining \big on input line 721.
LaTeX Info: Redefining \Big on input line 722.
LaTeX Info: Redefining \bigg on input line 723.
LaTeX Info: Redefining \Bigg on input line 724.
\big@size=\dimen282
LaTeX Font Info:    Redeclaring font encoding OML on input line 742.
LaTeX Font Info:    Redeclaring font encoding OMS on input line 743.
\macc@depth=\count316
LaTeX Info: Redefining \bmod on input line 904.
LaTeX Info: Redefining \pmod on input line 909.
LaTeX Info: Redefining \smash on input line 939.
LaTeX Info: Redefining \relbar on input line 969.
LaTeX Info: Redefining \Relbar on input line 970.
\c@MaxMatrixCols=\count317
\dotsspace@=\muskip17
\c@parentequation=\count318
\dspbrk@lvl=\count319
\tag@help=\toks41
\row@=\count320
\column@=\count321
\maxfields@=\count322
\andhelp@=\toks42
\eqnshift@=\dimen283
\alignsep@=\dimen284
\tagshift@=\dimen285
\tagwidth@=\dimen286
\totwidth@=\dimen287
\lineht@=\dimen288
\@envbody=\toks43
\multlinegap=\skip74
\multlinetaggap=\skip75
\mathdisplay@stack=\toks44
LaTeX Info: Redefining \[ on input line 2953.
LaTeX Info: Redefining \] on input line 2954.
))
(/usr/local/texlive/2025/texmf-dist/tex/latex/tcolorbox/tcbfitting.code.tex
Library (tcolorbox): 'tcbfitting.code.tex' version '6.4.1'
\tcbfitdim=\dimen289
\tcb@lowerfitdim=\dimen290
\tcb@upperfitdim=\dimen291
\tcb@cur@hbadness=\count323
)
(/usr/local/texlive/2025/texmf-dist/tex/latex/tcolorbox/tcblistingsutf8.code.te
x
Library (tcolorbox): 'tcblistingsutf8.code.tex' version '6.4.1'
(/usr/local/texlive/2025/texmf-dist/tex/latex/tcolorbox/tcblistings.code.tex
Library (tcolorbox): 'tcblistings.code.tex' version '6.4.1'
(/usr/local/texlive/2025/texmf-dist/tex/latex/listings/listings.sty
\lst@mode=\count324
\lst@gtempboxa=\box85
\lst@token=\toks45
\lst@length=\count325
\lst@currlwidth=\dimen292
\lst@column=\count326
\lst@pos=\count327
\lst@lostspace=\dimen293
\lst@width=\dimen294
\lst@newlines=\count328
\lst@lineno=\count329
\lst@maxwidth=\dimen295

(/usr/local/texlive/2025/texmf-dist/tex/latex/listings/lstpatch.sty
File: lstpatch.sty 2024/09/23 1.10c (Carsten Heinz)
)
(/usr/local/texlive/2025/texmf-dist/tex/latex/listings/lstmisc.sty
File: lstmisc.sty 2024/09/23 1.10c (Carsten Heinz)
\c@lstnumber=\count330
\lst@skipnumbers=\count331
\lst@framebox=\box86
)
(/usr/local/texlive/2025/texmf-dist/tex/latex/listings/listings.cfg
File: listings.cfg 2024/09/23 1.10c listings configuration
))
Package: listings 2024/09/23 1.10c (Carsten Heinz)

(/usr/local/texlive/2025/texmf-dist/tex/latex/tcolorbox/tcblistingscore.code.te
x
Library (tcolorbox): 'tcblistingscore.code.tex' version '6.4.1'
(/usr/local/texlive/2025/texmf-dist/tex/latex/tcolorbox/tcbprocessing.code.tex
Library (tcolorbox): 'tcbprocessing.code.tex' version '6.4.1'
)
\c@tcblisting=\count332
))
Package tcolorbox Info: Library `listingsutf8' is compatible with pdftex only. 
Library `listings` is loaded instead. on input line 29.
)
(/usr/local/texlive/2025/texmf-dist/tex/latex/tcolorbox/tcbexternal.code.tex
Library (tcolorbox): 'tcbexternal.code.tex' version '6.4.1'
) (/usr/local/texlive/2025/texmf-dist/tex/latex/tcolorbox/tcbmagazine.code.tex
Library (tcolorbox): 'tcbmagazine.code.tex' version '6.4.1'
) (/usr/local/texlive/2025/texmf-dist/tex/latex/tcolorbox/tcbvignette.code.tex
Library (tcolorbox): 'tcbvignette.code.tex' version '6.4.1'

(/usr/local/texlive/2025/texmf-dist/tex/generic/pgf/frontendlayer/tikz/librarie
s/tikzlibraryfadings.code.tex
File: tikzlibraryfadings.code.tex 2023-01-15 v3.1.10 (3.1.10)

(/usr/local/texlive/2025/texmf-dist/tex/generic/pgf/libraries/pgflibraryfadings
.code.tex
File: pgflibraryfadings.code.tex 2023-01-15 v3.1.10 (3.1.10)
)))
(/usr/local/texlive/2025/texmf-dist/tex/latex/tcolorbox/tcbposter.code.tex
Library (tcolorbox): 'tcbposter.code.tex' version '6.4.1'
)) (/usr/local/texlive/2025/texmf-dist/tex/latex/fontspec/fontspec.sty
(/usr/local/texlive/2025/texmf-dist/tex/latex/l3packages/xparse/xparse.sty
(/usr/local/texlive/2025/texmf-dist/tex/latex/l3kernel/expl3.sty
Package: expl3 2025-01-18 L3 programming layer (loader) 

(/usr/local/texlive/2025/texmf-dist/tex/latex/l3backend/l3backend-luatex.def
File: l3backend-luatex.def 2024-05-08 L3 backend support: PDF output (LuaTeX)
\l__color_backend_stack_int=\count333
Inserting `l3color' in `luaotfload.parse_color'.
\l__pdf_internal_box=\box87
))
Package: xparse 2024-08-16 L3 Experimental document command parser
)
Package: fontspec 2024/05/11 v2.9e Font selection for XeLaTeX and LuaLaTeX
Lua module: fontspec 2024/05/11 v2.9e Font selection for XeLaTeX and LuaLaTeX (/usr/local/texlive/2025/texmf-dist/tex/latex/fontspec/fontspec-luatex.sty
Package: fontspec-luatex 2024/05/11 v2.9e Font selection for XeLaTeX and LuaLaT
eX
\l__fontspec_script_int=\count334
\l__fontspec_language_int=\count335
\l__fontspec_strnum_int=\count336
\l__fontspec_tmp_int=\count337
\l__fontspec_tmpa_int=\count338
\l__fontspec_tmpb_int=\count339
\l__fontspec_tmpc_int=\count340
\l__fontspec_em_int=\count341
\l__fontspec_emdef_int=\count342
\l__fontspec_strong_int=\count343
\l__fontspec_strongdef_int=\count344
\l__fontspec_tmpa_dim=\dimen296
\l__fontspec_tmpb_dim=\dimen297
\l__fontspec_tmpc_dim=\dimen298

(/usr/local/texlive/2025/texmf-dist/tex/latex/base/fontenc.sty
Package: fontenc 2021/04/29 v2.0v Standard LaTeX package
)
(/usr/local/texlive/2025/texmf-dist/tex/latex/fontspec/fontspec.cfg)))
luaotfload | cache : Lookup cache loaded from /Users/michelebigi/Library/texlive
/2025/texmf-var/luatex-cache/generic/names/luaotfload-lookup-cache.luc.

Package fontspec Info: 
(fontspec)             Font family 'Optima(0)' created for font 'Optima' with
(fontspec)             options [Ligatures=TeX,Ligatures=TeX].
(fontspec)              
(fontspec)              This font family consists of the following NFSS
(fontspec)             series/shapes:
(fontspec)              
(fontspec)             - 'normal' (m/n) with NFSS spec.:
(fontspec)             <->"name:Optima:mode=node;language=dflt;+tlig;"
(fontspec)             - 'bold' (b/n) with NFSS spec.:
(fontspec)             <->"name:Optima/B:mode=node;language=dflt;+tlig;"
(fontspec)             - 'italic' (m/it) with NFSS spec.:
(fontspec)             <->"name:Optima/I:mode=node;language=dflt;+tlig;"
(fontspec)             - 'bold italic' (b/it) with NFSS spec.:
(fontspec)             <->"name:Optima/BI:mode=node;language=dflt;+tlig;"


(/usr/local/texlive/2025/texmf-dist/tex/latex/hyperref/hyperref.sty
Package: hyperref 2024-11-05 v7.01l Hypertext links for LaTeX

(/usr/local/texlive/2025/texmf-dist/tex/latex/kvsetkeys/kvsetkeys.sty
Package: kvsetkeys 2022-10-05 v1.19 Key value parser (HO)
)
(/usr/local/texlive/2025/texmf-dist/tex/generic/kvdefinekeys/kvdefinekeys.sty
Package: kvdefinekeys 2019-12-19 v1.6 Define keys (HO)
)
(/usr/local/texlive/2025/texmf-dist/tex/generic/pdfescape/pdfescape.sty
Package: pdfescape 2019/12/09 v1.15 Implements pdfTeX's escape features (HO)

(/usr/local/texlive/2025/texmf-dist/tex/generic/pdftexcmds/pdftexcmds.sty
Package: pdftexcmds 2020-06-27 v0.33 Utility functions of pdfTeX for LuaTeX (HO
)
Package pdftexcmds Info: \pdf@primitive is available.
Package pdftexcmds Info: \pdf@ifprimitive is available.
Package pdftexcmds Info: \pdfdraftmode found.
\pdftexcmds@toks=\toks46
))
(/usr/local/texlive/2025/texmf-dist/tex/latex/hycolor/hycolor.sty
Package: hycolor 2020-01-27 v1.10 Color options for hyperref/bookmark (HO)
)
(/usr/local/texlive/2025/texmf-dist/tex/latex/hyperref/nameref.sty
Package: nameref 2023-11-26 v2.56 Cross-referencing by name of section

(/usr/local/texlive/2025/texmf-dist/tex/latex/refcount/refcount.sty
Package: refcount 2019/12/15 v3.6 Data extraction from label references (HO)
)
(/usr/local/texlive/2025/texmf-dist/tex/generic/gettitlestring/gettitlestring.s
ty
Package: gettitlestring 2019/12/15 v1.6 Cleanup title references (HO)
 (/usr/local/texlive/2025/texmf-dist/tex/latex/kvoptions/kvoptions.sty
Package: kvoptions 2022-06-15 v3.15 Key value format for package options (HO)
))
\c@section@level=\count345
)
(/usr/local/texlive/2025/texmf-dist/tex/generic/stringenc/stringenc.sty
Package: stringenc 2019/11/29 v1.12 Convert strings between diff. encodings (HO
)
)
\@linkdim=\dimen299
\Hy@linkcounter=\count346
\Hy@pagecounter=\count347

(/usr/local/texlive/2025/texmf-dist/tex/latex/hyperref/pd1enc.def
File: pd1enc.def 2024-11-05 v7.01l Hyperref: PDFDocEncoding definition (HO)
)
(/usr/local/texlive/2025/texmf-dist/tex/generic/intcalc/intcalc.sty
Package: intcalc 2019/12/15 v1.3 Expandable calculations with integers (HO)
)
\Hy@SavedSpaceFactor=\count348

(/usr/local/texlive/2025/texmf-dist/tex/latex/hyperref/puenc.def
File: puenc.def 2024-11-05 v7.01l Hyperref: PDF Unicode definition (HO)
)
Package hyperref Info: Hyper figures OFF on input line 4157.
Package hyperref Info: Link nesting OFF on input line 4162.
Package hyperref Info: Hyper index ON on input line 4165.
Package hyperref Info: Plain pages OFF on input line 4172.
Package hyperref Info: Backreferencing OFF on input line 4177.
Package hyperref Info: Implicit mode ON; LaTeX internals redefined.
Package hyperref Info: Bookmarks ON on input line 4424.
\c@Hy@tempcnt=\count349

(/usr/local/texlive/2025/texmf-dist/tex/latex/url/url.sty
\Urlmuskip=\muskip18
Package: url 2013/09/16  ver 3.4  Verb mode for urls, etc.
)
LaTeX Info: Redefining \url on input line 4763.
\XeTeXLinkMargin=\dimen300

(/usr/local/texlive/2025/texmf-dist/tex/generic/bitset/bitset.sty
Package: bitset 2019/12/09 v1.3 Handle bit-vector datatype (HO)

(/usr/local/texlive/2025/texmf-dist/tex/generic/bigintcalc/bigintcalc.sty
Package: bigintcalc 2019/12/15 v1.5 Expandable calculations on big integers (HO
)
))
\Fld@menulength=\count350
\Field@Width=\dimen301
\Fld@charsize=\dimen302
Package hyperref Info: Hyper figures OFF on input line 6042.
Package hyperref Info: Link nesting OFF on input line 6047.
Package hyperref Info: Hyper index ON on input line 6050.
Package hyperref Info: backreferencing OFF on input line 6057.
Package hyperref Info: Link coloring OFF on input line 6062.
Package hyperref Info: Link coloring with OCG OFF on input line 6067.
Package hyperref Info: PDF/A mode OFF on input line 6072.

(/usr/local/texlive/2025/texmf-dist/tex/latex/base/atbegshi-ltx.sty
Package: atbegshi-ltx 2021/01/10 v1.0c Emulation of the original atbegshi
package with kernel methods
)
\Hy@abspage=\count351
\c@Item=\count352
\c@Hfootnote=\count353
)
Package hyperref Info: Driver (autodetected): hluatex.

(/usr/local/texlive/2025/texmf-dist/tex/latex/hyperref/hluatex.def
File: hluatex.def 2024-11-05 v7.01l Hyperref driver for luaTeX

(/usr/local/texlive/2025/texmf-dist/tex/latex/base/atveryend-ltx.sty
Package: atveryend-ltx 2020/08/19 v1.0a Emulation of the original atveryend pac
kage
with kernel methods
)
\Fld@listcount=\count354
\c@bookmark@seq@number=\count355

(/usr/local/texlive/2025/texmf-dist/tex/latex/rerunfilecheck/rerunfilecheck.sty
Package: rerunfilecheck 2022-07-10 v1.10 Rerun checks for auxiliary files (HO)

(/usr/local/texlive/2025/texmf-dist/tex/generic/uniquecounter/uniquecounter.sty
Package: uniquecounter 2019/12/15 v1.4 Provide unlimited unique counter (HO)
)
Package uniquecounter Info: New unique counter `rerunfilecheck' on input line 2
85.
)
\Hy@SectionHShift=\skip76
)
Package hyperref Info: Option `colorlinks' set `true' on input line 77.
)
(/usr/local/texlive/2025/texmf-dist/tex/generic/pgf/frontendlayer/tikz/librarie
s/tikzlibrarypositioning.code.tex
File: tikzlibrarypositioning.code.tex 2023-01-15 v3.1.10 (3.1.10)
)
(/usr/local/texlive/2025/texmf-dist/tex/generic/pgf/libraries/pgflibraryarrows.
meta.code.tex
File: pgflibraryarrows.meta.code.tex 2023-01-15 v3.1.10 (3.1.10)
\pgfarrowinset=\dimen303
\pgfarrowlength=\dimen304
\pgfarrowwidth=\dimen305
\pgfarrowlinewidth=\dimen306
)
(/usr/local/texlive/2025/texmf-dist/tex/generic/pgf/frontendlayer/tikz/librarie
s/tikzlibraryfit.code.tex
File: tikzlibraryfit.code.tex 2023-01-15 v3.1.10 (3.1.10)
)
(/usr/local/texlive/2025/texmf-dist/tex/generic/pgf/frontendlayer/tikz/librarie
s/tikzlibrarybackgrounds.code.tex
File: tikzlibrarybackgrounds.code.tex 2023-01-15 v3.1.10 (3.1.10)
\pgf@layerbox@background=\box88
\pgf@layerboxsaved@background=\box89
) (./manual.aux (./ch-intro.aux)
(./ch-hardware.aux) (./ch-sigmastudio.aux) (./ch-firmware.aux) (./ch-si4684.aux
) (./ch-adau1701.aux) (./ch-bt1035.aux) (./ch-api.aux) (./ch-classes.aux)
(./ch-build.aux) (./ch-licensing.aux))
\openout1 = manual.aux

LaTeX Font Info:    Checking defaults for OML/cmm/m/it on input line 15.
LaTeX Font Info:    ... okay on input line 15.
LaTeX Font Info:    Checking defaults for OMS/cmsy/m/n on input line 15.
LaTeX Font Info:    ... okay on input line 15.
LaTeX Font Info:    Checking defaults for OT1/cmr/m/n on input line 15.
LaTeX Font Info:    ... okay on input line 15.
LaTeX Font Info:    Checking defaults for T1/cmr/m/n on input line 15.
LaTeX Font Info:    ... okay on input line 15.
LaTeX Font Info:    Checking defaults for TS1/cmr/m/n on input line 15.
LaTeX Font Info:    ... okay on input line 15.
LaTeX Font Info:    Checking defaults for TU/lmr/m/n on input line 15.
LaTeX Font Info:    ... okay on input line 15.
LaTeX Font Info:    Checking defaults for OMX/cmex/m/n on input line 15.
LaTeX Font Info:    ... okay on input line 15.
LaTeX Font Info:    Checking defaults for U/cmr/m/n on input line 15.
LaTeX Font Info:    ... okay on input line 15.
LaTeX Font Info:    Checking defaults for PD1/pdf/m/n on input line 15.
LaTeX Font Info:    ... okay on input line 15.
LaTeX Font Info:    Checking defaults for PU/pdf/m/n on input line 15.
LaTeX Font Info:    ... okay on input line 15.
Package scrbase Info: activating english \abstractname on input line 15.
Package scrbase Info: activating english \partname on input line 15.
Package scrbase Info: activating english \chaptername on input line 15.
Package scrbase Info: activating english \appendixname on input line 15.
Package scrbase Info: activating english \figurename on input line 15.
Package scrbase Info: activating english \tablename on input line 15.
Package scrbase Info: activating english \contentsname on input line 15.
Package scrbase Info: activating english \listfigurename on input line 15.
Package scrbase Info: activating english \listtablename on input line 15.
Package scrbase Info: activating english \bibname on input line 15.
Package scrbase Info: activating english \indexname on input line 15.

(/usr/local/texlive/2025/texmf-dist/tex/context/base/mkii/supp-pdf.mkii
[Loading MPS to PDF converter (version 2006.09.02).]
\scratchcounter=\count356
\scratchdimen=\dimen307
\scratchbox=\box90
\nofMPsegments=\count357
\nofMParguments=\count358
\everyMPshowfont=\toks47
\MPscratchCnt=\count359
\MPscratchDim=\dimen308
\MPnumerator=\count360
\makeMPintoPDFobject=\count361
\everyMPtoPDFconversion=\toks48
) (/usr/local/texlive/2025/texmf-dist/tex/latex/epstopdf-pkg/epstopdf-base.sty
Package: epstopdf-base 2020-01-24 v2.11 Base part for package epstopdf
Package epstopdf-base Info: Redefining graphics rule for `.eps' on input line 4
85.

(/usr/local/texlive/2025/texmf-dist/tex/latex/latexconfig/epstopdf-sys.cfg
File: epstopdf-sys.cfg 2010/07/13 v1.3 Configuration of (r)epstopdf for TeX Liv
e
))
*geometry* driver: auto-detecting
*geometry* detected driver: luatex
*geometry* verbose mode - [ preamble ] result:
* driver: luatex
* paper: a4paper
* layout: <same size as paper>
* layoutoffset:(h,v)=(0.0pt,0.0pt)
* modes: 
* h-part:(L,W,R)=(73.97733pt, 432.48183pt, 91.04872pt)
* v-part:(T,H,B)=(73.97733pt, 697.0922pt, 73.97733pt)
* \paperwidth=597.50787pt
* \paperheight=845.04684pt
* \textwidth=432.48183pt
* \textheight=697.0922pt
* \oddsidemargin=1.70734pt
* \evensidemargin=1.70734pt
* \topmargin=-38.16766pt
* \headheight=18.125pt
* \headsep=21.75pt
* \topskip=12.0pt
* \footskip=50.75pt
* \marginparwidth=68.28644pt
* \marginparsep=12.8401pt
* \columnsep=10.0pt
* \skip\footins=10.8pt plus 4.0pt minus 2.0pt
* \hoffset=0.0pt
* \voffset=0.0pt
* \mag=1000
* \@twocolumnfalse
* \@twosidefalse
* \@mparswitchfalse
* \@reversemarginfalse
* (1in=72.27pt=25.4mm, 1cm=28.453pt)

LaTeX Info: Redefining \microtypecontext on input line 15.
Package microtype Info: Applying patch `item' on input line 15.
Package microtype Info: Applying patch `toc' on input line 15.
Package microtype Info: Applying patch `eqnum' on input line 15.
Package microtype Info: Applying patch `footnote' on input line 15.
Package microtype Info: Applying patch `verbatim' on input line 15.
LaTeX Info: Redefining \microtypesetup on input line 15.
Package microtype Info: Generating PDF output.
Package microtype Info: Character protrusion enabled (level 2).
Package microtype Info: Using default protrusion set `alltext'.
Package microtype Info: Automatic font expansion enabled (level 2),
(microtype)             stretch: 20, shrink: 20, step: 1, non-selected.
Package microtype Info: Using default expansion set `alltext-nott'.
LaTeX Info: Redefining \showhyphens on input line 15.
Package microtype Info: No adjustment of tracking.
Package microtype Info: No adjustment of spacing.
Package microtype Info: No adjustment of kerning.
Package microtype Info: Loading generic protrusion settings for font family
(microtype)             `Optima' (encoding: TU).
(microtype)             For optimal results, create family-specific settings.
(microtype)             See the microtype manual for details.

Package microtype Warning: Unknown slot number of character
(microtype)                `\k A'
(microtype)                in font encoding `TU' in inheritance list
(microtype)                `microtype.cfg/411(protrusion)'.


Package microtype Warning: Unknown slot number of character
(microtype)                `\u A'
(microtype)                in font encoding `TU' in inheritance list
(microtype)                `microtype.cfg/411(protrusion)'.


Package microtype Warning: Unknown slot number of character
(microtype)                `\k a'
(microtype)                in font encoding `TU' in inheritance list
(microtype)                `microtype.cfg/411(protrusion)'.


Package microtype Warning: Unknown slot number of character
(microtype)                `\u a'
(microtype)                in font encoding `TU' in inheritance list
(microtype)                `microtype.cfg/411(protrusion)'.


Package microtype Warning: Unknown slot number of character
(microtype)                `\'C'
(microtype)                in font encoding `TU' in inheritance list
(microtype)                `microtype.cfg/411(protrusion)'.


Package microtype Warning: Unknown slot number of character
(microtype)                `\v C'
(microtype)                in font encoding `TU' in inheritance list
(microtype)                `microtype.cfg/411(protrusion)'.


Package microtype Warning: Unknown slot number of character
(microtype)                `\'c'
(microtype)                in font encoding `TU' in inheritance list
(microtype)                `microtype.cfg/411(protrusion)'.


Package microtype Warning: Unknown slot number of character
(microtype)                `\v c'
(microtype)                in font encoding `TU' in inheritance list
(microtype)                `microtype.cfg/411(protrusion)'.


Package microtype Warning: Unknown slot number of character
(microtype)                `\v D'
(microtype)                in font encoding `TU' in inheritance list
(microtype)                `microtype.cfg/411(protrusion)'.


Package microtype Warning: Unknown slot number of character
(microtype)                `\v d'
(microtype)                in font encoding `TU' in inheritance list
(microtype)                `microtype.cfg/411(protrusion)'.


Package microtype Warning: Unknown slot number of character
(microtype)                `\k E'
(microtype)                in font encoding `TU' in inheritance list
(microtype)                `microtype.cfg/411(protrusion)'.


Package microtype Warning: Unknown slot number of character
(microtype)                `\v E'
(microtype)                in font encoding `TU' in inheritance list
(microtype)                `microtype.cfg/411(protrusion)'.


Package microtype Warning: Unknown slot number of character
(microtype)                `\k e'
(microtype)                in font encoding `TU' in inheritance list
(microtype)                `microtype.cfg/411(protrusion)'.


Package microtype Warning: Unknown slot number of character
(microtype)                `\v e'
(microtype)                in font encoding `TU' in inheritance list
(microtype)                `microtype.cfg/411(protrusion)'.


Package microtype Warning: Unknown slot number of character
(microtype)                `\u G'
(microtype)                in font encoding `TU' in inheritance list
(microtype)                `microtype.cfg/411(protrusion)'.


Package microtype Warning: Unknown slot number of character
(microtype)                `\u g'
(microtype)                in font encoding `TU' in inheritance list
(microtype)                `microtype.cfg/411(protrusion)'.


Package microtype Warning: Unknown slot number of character
(microtype)                `\.I'
(microtype)                in font encoding `TU' in inheritance list
(microtype)                `microtype.cfg/411(protrusion)'.


Package microtype Warning: Unknown slot number of character
(microtype)                `\'L'
(microtype)                in font encoding `TU' in inheritance list
(microtype)                `microtype.cfg/411(protrusion)'.


Package microtype Warning: Unknown slot number of character
(microtype)                `\v L'
(microtype)                in font encoding `TU' in inheritance list
(microtype)                `microtype.cfg/411(protrusion)'.


Package microtype Warning: Unknown slot number of character
(microtype)                `\'l'
(microtype)                in font encoding `TU' in inheritance list
(microtype)                `microtype.cfg/411(protrusion)'.


Package microtype Warning: Unknown slot number of character
(microtype)                `\v l'
(microtype)                in font encoding `TU' in inheritance list
(microtype)                `microtype.cfg/411(protrusion)'.


Package microtype Warning: Unknown slot number of character
(microtype)                `\'N'
(microtype)                in font encoding `TU' in inheritance list
(microtype)                `microtype.cfg/411(protrusion)'.


Package microtype Warning: Unknown slot number of character
(microtype)                `\v N'
(microtype)                in font encoding `TU' in inheritance list
(microtype)                `microtype.cfg/411(protrusion)'.


Package microtype Warning: Unknown slot number of character
(microtype)                `\'n'
(microtype)                in font encoding `TU' in inheritance list
(microtype)                `microtype.cfg/411(protrusion)'.


Package microtype Warning: Unknown slot number of character
(microtype)                `\v n'
(microtype)                in font encoding `TU' in inheritance list
(microtype)                `microtype.cfg/411(protrusion)'.


Package microtype Warning: Unknown slot number of character
(microtype)                `\H O'
(microtype)                in font encoding `TU' in inheritance list
(microtype)                `microtype.cfg/411(protrusion)'.


Package microtype Warning: Unknown slot number of character
(microtype)                `\H o'
(microtype)                in font encoding `TU' in inheritance list
(microtype)                `microtype.cfg/411(protrusion)'.


Package microtype Warning: Unknown slot number of character
(microtype)                `\'R'
(microtype)                in font encoding `TU' in inheritance list
(microtype)                `microtype.cfg/411(protrusion)'.


Package microtype Warning: Unknown slot number of character
(microtype)                `\v R'
(microtype)                in font encoding `TU' in inheritance list
(microtype)                `microtype.cfg/411(protrusion)'.


Package microtype Warning: Unknown slot number of character
(microtype)                `\'r'
(microtype)                in font encoding `TU' in inheritance list
(microtype)                `microtype.cfg/411(protrusion)'.


Package microtype Warning: Unknown slot number of character
(microtype)                `\v r'
(microtype)                in font encoding `TU' in inheritance list
(microtype)                `microtype.cfg/411(protrusion)'.


Package microtype Warning: Unknown slot number of character
(microtype)                `\'S'
(microtype)                in font encoding `TU' in inheritance list
(microtype)                `microtype.cfg/411(protrusion)'.


Package microtype Warning: Unknown slot number of character
(microtype)                `\c S'
(microtype)                in font encoding `TU' in inheritance list
(microtype)                `microtype.cfg/411(protrusion)'.


Package microtype Warning: Unknown slot number of character
(microtype)                `\'s'
(microtype)                in font encoding `TU' in inheritance list
(microtype)                `microtype.cfg/411(protrusion)'.


Package microtype Warning: Unknown slot number of character
(microtype)                `\c s'
(microtype)                in font encoding `TU' in inheritance list
(microtype)                `microtype.cfg/411(protrusion)'.


Package microtype Warning: Unknown slot number of character
(microtype)                `\c T'
(microtype)                in font encoding `TU' in inheritance list
(microtype)                `microtype.cfg/411(protrusion)'.


Package microtype Warning: Unknown slot number of character
(microtype)                `\v T'
(microtype)                in font encoding `TU' in inheritance list
(microtype)                `microtype.cfg/411(protrusion)'.


Package microtype Warning: Unknown slot number of character
(microtype)                `\c t'
(microtype)                in font encoding `TU' in inheritance list
(microtype)                `microtype.cfg/411(protrusion)'.


Package microtype Warning: Unknown slot number of character
(microtype)                `\v t'
(microtype)                in font encoding `TU' in inheritance list
(microtype)                `microtype.cfg/411(protrusion)'.


Package microtype Warning: Unknown slot number of character
(microtype)                `\H U'
(microtype)                in font encoding `TU' in inheritance list
(microtype)                `microtype.cfg/411(protrusion)'.


Package microtype Warning: Unknown slot number of character
(microtype)                `\r U'
(microtype)                in font encoding `TU' in inheritance list
(microtype)                `microtype.cfg/411(protrusion)'.


Package microtype Warning: Unknown slot number of character
(microtype)                `\H u'
(microtype)                in font encoding `TU' in inheritance list
(microtype)                `microtype.cfg/411(protrusion)'.


Package microtype Warning: Unknown slot number of character
(microtype)                `\r u'
(microtype)                in font encoding `TU' in inheritance list
(microtype)                `microtype.cfg/411(protrusion)'.


Package microtype Warning: Unknown slot number of character
(microtype)                `\'Z'
(microtype)                in font encoding `TU' in inheritance list
(microtype)                `microtype.cfg/411(protrusion)'.


Package microtype Warning: Unknown slot number of character
(microtype)                `\.Z'
(microtype)                in font encoding `TU' in inheritance list
(microtype)                `microtype.cfg/411(protrusion)'.


Package microtype Warning: Unknown slot number of character
(microtype)                `\'z'
(microtype)                in font encoding `TU' in inheritance list
(microtype)                `microtype.cfg/411(protrusion)'.


Package microtype Warning: Unknown slot number of character
(microtype)                `\.z'
(microtype)                in font encoding `TU' in inheritance list
(microtype)                `microtype.cfg/411(protrusion)'.

\c@lstlisting=\count362
Package tocbasic Info: omitting babel extension for `lol'
(tocbasic)             because of missing \bbl@set@language on input line 15.
\scr@dte@lstlisting@maxnumwidth=\skip77

Package fontspec Info: 
(fontspec)             Adjusting the maths setup (use [no-math] to avoid
(fontspec)             this).

\symlegacymaths=\mathgroup4
LaTeX Font Info:    Overwriting symbol font `legacymaths' in version `bold'
(Font)                  OT1/cmr/m/n --> OT1/cmr/bx/n on input line 15.
LaTeX Font Info:    Redeclaring math accent \acute on input line 15.
LaTeX Font Info:    Redeclaring math accent \grave on input line 15.
LaTeX Font Info:    Redeclaring math accent \ddot on input line 15.
LaTeX Font Info:    Redeclaring math accent \tilde on input line 15.
LaTeX Font Info:    Redeclaring math accent \bar on input line 15.
LaTeX Font Info:    Redeclaring math accent \breve on input line 15.
LaTeX Font Info:    Redeclaring math accent \check on input line 15.
LaTeX Font Info:    Redeclaring math accent \hat on input line 15.
LaTeX Font Info:    Redeclaring math accent \dot on input line 15.
LaTeX Font Info:    Redeclaring math accent \mathring on input line 15.
LaTeX Font Info:    Redeclaring math symbol \Gamma on input line 15.
LaTeX Font Info:    Redeclaring math symbol \Delta on input line 15.
LaTeX Font Info:    Redeclaring math symbol \Theta on input line 15.
LaTeX Font Info:    Redeclaring math symbol \Lambda on input line 15.
LaTeX Font Info:    Redeclaring math symbol \Xi on input line 15.
LaTeX Font Info:    Redeclaring math symbol \Pi on input line 15.
LaTeX Font Info:    Redeclaring math symbol \Sigma on input line 15.
LaTeX Font Info:    Redeclaring math symbol \Upsilon on input line 15.
LaTeX Font Info:    Redeclaring math symbol \Phi on input line 15.
LaTeX Font Info:    Redeclaring math symbol \Psi on input line 15.
LaTeX Font Info:    Redeclaring math symbol \Omega on input line 15.
LaTeX Font Info:    Redeclaring math symbol \mathdollar on input line 15.
LaTeX Font Info:    Redeclaring symbol font `operators' on input line 15.
LaTeX Font Info:    Encoding `OT1' has changed to `TU' for symbol font
(Font)              `operators' in the math version `normal' on input line 15.
LaTeX Font Info:    Overwriting symbol font `operators' in version `normal'
(Font)                  OT1/cmr/m/n --> TU/Optima(0)/m/n on input line 15.
LaTeX Font Info:    Encoding `OT1' has changed to `TU' for symbol font
(Font)              `operators' in the math version `bold' on input line 15.
LaTeX Font Info:    Overwriting symbol font `operators' in version `bold'
(Font)                  OT1/cmr/bx/n --> TU/Optima(0)/m/n on input line 15.
LaTeX Font Info:    Overwriting symbol font `operators' in version `normal'
(Font)                  TU/Optima(0)/m/n --> TU/Optima(0)/m/n on input line 15.

LaTeX Font Info:    Overwriting math alphabet `\mathit' in version `normal'
(Font)                  OT1/cmr/m/it --> TU/Optima(0)/m/it on input line 15.
LaTeX Font Info:    Overwriting math alphabet `\mathbf' in version `normal'
(Font)                  OT1/cmr/bx/n --> TU/Optima(0)/b/n on input line 15.
LaTeX Font Info:    Overwriting math alphabet `\mathsf' in version `normal'
(Font)                  OT1/cmss/m/n --> TU/lmss/m/n on input line 15.
LaTeX Font Info:    Overwriting math alphabet `\mathtt' in version `normal'
(Font)                  OT1/cmtt/m/n --> TU/lmtt/m/n on input line 15.
LaTeX Font Info:    Overwriting symbol font `operators' in version `bold'
(Font)                  TU/Optima(0)/m/n --> TU/Optima(0)/b/n on input line 15.

LaTeX Font Info:    Overwriting math alphabet `\mathit' in version `bold'
(Font)                  OT1/cmr/bx/it --> TU/Optima(0)/b/it on input line 15.
LaTeX Font Info:    Overwriting math alphabet `\mathsf' in version `bold'
(Font)                  OT1/cmss/bx/n --> TU/lmss/b/n on input line 15.
LaTeX Font Info:    Overwriting math alphabet `\mathtt' in version `bold'
(Font)                  OT1/cmtt/m/n --> TU/lmtt/b/n on input line 15.
Package hyperref Info: Link coloring ON on input line 15.
(./manual.out) (./manual.out)
\@outlinefile=\write4

\openout4 = manual.out
Class scrreprt Info: loading recommended package `bookmark'.
(scrreprt)           Using `bookmark' together with `hyperref' is recommended,
(scrreprt)           because of handling of possible bookmark level gaps.
(scrreprt)           You can avoid loading `bookmark' with KOMA-Script option
(scrreprt)           `bookmarkpackage=false' before \begin{document} and
(scrreprt)           you can avoid this message adding:
(scrreprt)             \usepackage{bookmark}
(scrreprt)           before \begin{document} on input line 15.

(/usr/local/texlive/2025/texmf-dist/tex/latex/bookmark/bookmark.sty
Package: bookmark 2023-12-10 v1.31 PDF bookmarks (HO)

(/usr/local/texlive/2025/texmf-dist/tex/latex/bookmark/bkm-pdftex.def
File: bkm-pdftex.def 2023-12-10 v1.31 bookmark driver for pdfTeX and luaTeX (HO
)
\BKM@id=\count363
))
Package microtype Info: Loading generic protrusion settings for font family
(microtype)             `lmtt' (encoding: TU).
(microtype)             For optimal results, create family-specific settings.
(microtype)             See the microtype manual for details.

(/usr/local/texlive/2025/texmf-dist/tex/latex/microtype/mt-cmr.cfg
File: mt-cmr.cfg 2013/05/19 v2.2 microtype config. file: Computer Modern Roman 
(RS)
)

[1



{/usr/local/texlive/2025/texmf-var/fonts/map/pdftex/updmap/pdftex.map}]

Class scrreprt Warning: Redefinition of \@makeschapterhead detected.
(scrreprt)              Note: KOMA-Script does use styles for commands like
(scrreprt)              \chapter. Currently it internally still provides and
(scrreprt)              uses \@makeschapterhead, but a completely different
(scrreprt)              definition compared to the standard classes.
(scrreprt)              So redefining or using internal \@makeschapterhead
(scrreprt)              by users or package authors may already break
(scrreprt)              KOMA-Script and will not work with a coming version,
(scrreprt)              that will remove this deprecated code.

Package tocbasic Info: character protrusion at toc deactivated on input line 47
.
(./manual.toc
Package microtype Info: Loading generic protrusion settings for font family
(microtype)             `lmss' (encoding: TU).
(microtype)             For optimal results, create family-specific settings.
(microtype)             See the microtype manual for details.


[2

]

[3]

[4]

[5]

[6])
\tf@toc=\write5

\openout5 = manual.toc


[7]
\openout2 = ch-intro.aux
 (./ch-intro.tex
chapter 1.

Class scrreprt Warning: Redefinition of \@makechapterhead detected.
(scrreprt)              Note: KOMA-Script does use styles for commands like
(scrreprt)              \chapter. Currently it internally still provides and
(scrreprt)              uses \@makechapterhead, but a completely different
(scrreprt)              definition compared to the standard classes.
(scrreprt)              So redefining or using internal \@makechapterhead
(scrreprt)              by users or package authors may already break
(scrreprt)              KOMA-Script and will not work with a coming version,
(scrreprt)              that will remove this deprecated code.



[8



])

[9]
\openout2 = ch-hardware.aux
 (./ch-hardware.tex
chapter 2.

Class scrreprt Warning: Redefinition of \@makechapterhead detected.
(scrreprt)              Note: KOMA-Script does use styles for commands like
(scrreprt)              \chapter. Currently it internally still provides and
(scrreprt)              uses \@makechapterhead, but a completely different
(scrreprt)              definition compared to the standard classes.
(scrreprt)              So redefining or using internal \@makechapterhead
(scrreprt)              by users or package authors may already break
(scrreprt)              KOMA-Script and will not work with a coming version,
(scrreprt)              that will remove this deprecated code.


Overfull \hbox (6.17812pt too wide) in paragraph at lines 39--49
 [][] 
 []



[10




]

[11]

[12]
Overfull \hbox (27.70607pt too wide) in paragraph at lines 155--164
 [][] 
 []



[13]

Package hyperref Warning: Token not allowed in a PDF string (Unicode):
(hyperref)                removing `\mathsurround' on input line 225.


Package hyperref Warning: Token not allowed in a PDF string (Unicode):
(hyperref)                removing `\z@' on input line 225.


Package hyperref Warning: Token not allowed in a PDF string (Unicode):
(hyperref)                removing `superscript' on input line 225.



[14]

Package hyperref Warning: Token not allowed in a PDF string (Unicode):
(hyperref)                removing `\mathsurround' on input line 279.


Package hyperref Warning: Token not allowed in a PDF string (Unicode):
(hyperref)                removing `\z@' on input line 279.


Package hyperref Warning: Token not allowed in a PDF string (Unicode):
(hyperref)                removing `superscript' on input line 279.



[15]

[16]

[17]
Overfull \hbox (32.05522pt too wide) in paragraph at lines 368--383
 [][] 
 []



[18])

[19]

[20]
\openout2 = ch-sigmastudio.aux
 (./ch-sigmastudio.tex
chapter 3.

Class scrreprt Warning: Redefinition of \@makechapterhead detected.
(scrreprt)              Note: KOMA-Script does use styles for commands like
(scrreprt)              \chapter. Currently it internally still provides and
(scrreprt)              uses \@makechapterhead, but a completely different
(scrreprt)              definition compared to the standard classes.
(scrreprt)              So redefining or using internal \@makechapterhead
(scrreprt)              by users or package authors may already break
(scrreprt)              KOMA-Script and will not work with a coming version,
(scrreprt)              that will remove this deprecated code.



[21




]

[22]
<sigma-chain.jpg, id=611, 765.45975pt x 419.76825pt>
File: sigma-chain.jpg Graphic file (type jpg)
<use sigma-chain.jpg>
Package luatex.def Info: sigma-chain.jpg  used on input line 97.
(luatex.def)             Requested size: 432.48183pt x 237.1695pt.
\g__tcobox_out_iow=\write6

\openout6 = manual.listing
 (/usr/local/texlive/2025/texmf-dist/tex/latex/listings/lstlang1.sty
File: lstlang1.sty 2024/09/23 1.10c listings language file
)
(/usr/local/texlive/2025/texmf-dist/tex/latex/listings/lstlang1.sty
File: lstlang1.sty 2024/09/23 1.10c listings language file
)
(/usr/local/texlive/2025/texmf-dist/tex/latex/listings/lstmisc.sty
File: lstmisc.sty 2024/09/23 1.10c (Carsten Heinz)
)
(./manual.listing)

[23<./sigma-chain.jpg>]

[24]

[25])

[26]
\openout2 = ch-firmware.aux
 (./ch-firmware.tex
chapter 4.

Class scrreprt Warning: Redefinition of \@makechapterhead detected.
(scrreprt)              Note: KOMA-Script does use styles for commands like
(scrreprt)              \chapter. Currently it internally still provides and
(scrreprt)              uses \@makechapterhead, but a completely different
(scrreprt)              definition compared to the standard classes.
(scrreprt)              So redefining or using internal \@makechapterhead
(scrreprt)              by users or package authors may already break
(scrreprt)              KOMA-Script and will not work with a coming version,
(scrreprt)              that will remove this deprecated code.



[27




]

[28]

[29]
Overfull \hbox (20.51485pt too wide) in paragraph at lines 172--174
[]\TU/Optima(0)/b/n/12 Net-work \TU/Optima(0)/m/n/12 --- \TU/lmtt/m/n/12 GET /ap
i/health\TU/Optima(0)/m/n/12 , \TU/lmtt/m/n/12 POST /api/wifi\TU/Optima(0)/m/n/
12 , Sof-t-AP/STA state ma-chine (\TU/lmtt/m/n/12 NetState\TU/Optima(0)/m/n/12 
),
 []


Overfull \hbox (50.08327pt too wide) in paragraph at lines 180--182
[]\TU/Optima(0)/b/n/12 Pre-sets \TU/Optima(0)/m/n/12 --- \TU/lmtt/m/n/12 /api/st
ations/* \TU/Optima(0)/m/n/12 in-clud-ing re-order and in-te-grated re-call via \TU/lmtt/m/n/12 IntegrationService\TU/Optima(0)/m/n/12 . 
 []


Overfull \hbox (43.43303pt too wide) in paragraph at lines 182--185
\TU/Optima(0)/m/n/12 cryp-tion (de-vel-op-ment mode); keys in \TU/lmtt/m/n/12 nv
s_keys \TU/Optima(0)/m/n/12 par-ti-tion; init via \TU/lmtt/m/n/12 initEncryptedS
torage()\TU/Optima(0)/m/n/12 . 
 []


Overfull \hbox (10.5486pt too wide) in paragraph at lines 200--203
\TU/Optima(0)/m/n/12 The ESP32-S3 loads both au-dio com-pan-ion chips from as-se
ts un-der \TU/lmtt/m/n/12 Software/Firmware/
 []


Overfull \hbox (33.16457pt too wide) in paragraph at lines 205--210
[]\TU/Optima(0)/b/n/12 Si4684 \TU/Optima(0)/m/n/12 (SPI): ROM patch \TU/lmtt/m/
n/12 rom_patch_016.bin\TU/Optima(0)/m/n/12 , then ei-ther DAB im-age \TU/lmtt/m
/n/12 dab_firmware.bin
 []


Overfull \hbox (128.25818pt too wide) in paragraph at lines 210--215
[]\TU/Optima(0)/b/n/12 ADAU1701 \TU/Optima(0)/m/n/12 (I$[][]$C): Sig-maS-tu-dio ex-port (\TU/lmtt/m/n/12 DigiRadio_IC_1.h\TU/Optima(0)/m/n/12 ) re-played through \TU/lmtt/m/n/12 SIGMA_WRITE_REGISTER_BLOCK
 []



[30]
Overfull \hbox (76.44496pt too wide) in paragraph at lines 215--218
[]\TU/Optima(0)/b/n/12 Au-dio pro-file\TU/Optima(0)/m/n/12 : \TU/lmtt/m/n/12 aud
io::AudioService::loadAndApply() \TU/Optima(0)/m/n/12 re-stores the saved \TU/l
mtt/m/n/12 core::AudioProfile
 []


Overfull \hbox (19.30832pt too wide) in paragraph at lines 218--221
[]\TU/Optima(0)/b/n/12 FSC-BT1035 \TU/Optima(0)/m/n/12 (UART): \TU/lmtt/m/n/12 
bt1035::Bt1035Driver::boot() \TU/Optima(0)/m/n/12 en-ables Line-In (\TU/lmtt/m/
n/12 AT+AUXCFG=1\TU/Optima(0)/m/n/12 )
 []

)

[31]
\openout2 = ch-si4684.aux
 (./ch-si4684.tex
chapter 5.

Class scrreprt Warning: Redefinition of \@makechapterhead detected.
(scrreprt)              Note: KOMA-Script does use styles for commands like
(scrreprt)              \chapter. Currently it internally still provides and
(scrreprt)              uses \@makechapterhead, but a completely different
(scrreprt)              definition compared to the standard classes.
(scrreprt)              So redefining or using internal \@makechapterhead
(scrreprt)              by users or package authors may already break
(scrreprt)              KOMA-Script and will not work with a coming version,
(scrreprt)              that will remove this deprecated code.


Underfull \hbox (badness 10000) in paragraph at lines 46--48
[]|\TU/Optima(0)/m/n/12 ROM patch
 []


Underfull \hbox (badness 10000) in paragraph at lines 46--48
\TU/Optima(0)/m/n/12 (\TU/lmtt/m/n/12 rom00_patch.016.bin\TU/Optima(0)/m/n/12 );
 re-
 []


Underfull \hbox (badness 10000) in paragraph at lines 49--51
[]|\TU/Optima(0)/m/n/12 DAB ap-pli-ca-tion im-age; de-
 []


Underfull \hbox (badness 10000) in paragraph at lines 49--51
\TU/Optima(0)/m/n/12 fault from PE5PVB header
 []


Underfull \hbox (badness 10000) in paragraph at lines 49--51
\TU/Optima(0)/m/n/12 ex-tract; op-tional uGreen
 []


Underfull \hbox (badness 6252) in paragraph at lines 52--54
[]|\TU/Optima(0)/m/n/12 FM/HD ap-pli-ca-tion; eval CD,
 []


Underfull \hbox (badness 10000) in paragraph at lines 52--54
\TU/Optima(0)/m/n/12 dabpi \TU/lmtt/m/n/12 si46xx_firmware/\TU/Optima(0)/m/n/12
 , or
 []



[32




]
Overfull \hbox (16.6762pt too wide) in paragraph at lines 67--69
[]\TU/Optima(0)/b/n/12 PE5PVB/SI4684-DAB-Receiver \TU/Optima(0)/m/n/12 --- DAB 
im-age and ROM patch as C ar-rays (\TU/lmtt/m/n/12 firmware.h\TU/Optima(0)/m/n/
12 ,
 []


Overfull \hbox (1.66586pt too wide) in paragraph at lines 69--72
\TU/Optima(0)/m/n/12 FM, DAB, and patch in-side \TU/lmtt/m/n/12 radio_cli\TU/Op
tima(0)/m/n/12 ; use \TU/lmtt/m/n/12 tools/extract_ugreen_radio_cli.py\TU/Optim
a(0)/m/n/12 . 
 []


Overfull \hbox (120.00012pt too wide) in paragraph at lines 72--75
[]\TU/Optima(0)/b/n/12 hitech95/si468x_dab_re-ceiver \TU/Optima(0)/m/n/12 --- Li
nux driver only; de-vice tree ref-er-ences \TU/lmtt/m/n/12 si468x/fmhd_radio_5_1
_0.bin
 []



[33]
Overfull \hbox (37.16164pt too wide) in paragraph at lines 102--102
[]\TU/lmtt/m/n/12 python3 tools/fetch_si4684_firmware.py --si46xx-dir /path/to/s
i46xx_firmware[] 
 []


Overfull \hbox (138.73662pt too wide) in paragraph at lines 105--107
[]\TU/Optima(0)/m/n/12 Low-level helpers: \TU/lmtt/m/n/12 tools/extract_si4684_b
lob.py \TU/Optima(0)/m/n/12 (C header or copy), \TU/lmtt/m/n/12 tools/extract_ug
reen_radio_cli.py
 []



[34]

[35]
Overfull \hbox (5.43251pt too wide) in paragraph at lines 211--213
[]\TU/lmtt/m/n/12 startDabService(serviceId, componentId) \TU/Optima(0)/m/n/12 
--- be-gin au-dio de-code (START_DIG-
 []



[36]
Overfull \hbox (78.62704pt too wide) in paragraph at lines 300--303
[]\TU/Optima(0)/m/n/12 Call-ing an FM method while the DAB im-age is loaded (or vice versa) re-turns \TU/lmtt/m/n/12 Si4684Error::WrongBand\TU/Optima(0)/m/n/12 .
 []



[37]
Overfull \hbox (33.21857pt too wide) in paragraph at lines 317--318
[]|\TU/lmtt/m/n/10.95 {"band":"dab","freq_index":0..37}| 
 []


Overfull \hbox (90.70605pt too wide) in paragraph at lines 319--320
[]|\TU/lmtt/m/n/10.95 {"band":"fm","frequency_khz":64000..108000}| 
 []


Overfull \hbox (31.32878pt too wide) in paragraph at lines 340--347
\TU/lmtt/m/n/12 main/hardware_bootstrap.cpp \TU/Optima(0)/m/n/12 con-structs a 
static \TU/lmtt/m/n/12 Si4684EmbeddedImages\TU/Optima(0)/m/n/12 , \TU/lmtt/m/n/
12 Si4684Driver\TU/Optima(0)/m/n/12 ,
 []


Overfull \hbox (20.64445pt too wide) in paragraph at lines 340--347
\TU/Optima(0)/m/n/12 and \TU/lmtt/m/n/12 Si4684Tuner\TU/Optima(0)/m/n/12 , calls
 \TU/lmtt/m/n/12 boot(Si4684Band::Dab) \TU/Optima(0)/m/n/12 be-fore Wi-Fi, then boots the ADAU1701.
 []



[38])

[39]
\openout2 = ch-adau1701.aux
 (./ch-adau1701.tex
chapter 6.

Class scrreprt Warning: Redefinition of \@makechapterhead detected.
(scrreprt)              Note: KOMA-Script does use styles for commands like
(scrreprt)              \chapter. Currently it internally still provides and
(scrreprt)              uses \@makechapterhead, but a completely different
(scrreprt)              definition compared to the standard classes.
(scrreprt)              So redefining or using internal \@makechapterhead
(scrreprt)              by users or package authors may already break
(scrreprt)              KOMA-Script and will not work with a coming version,
(scrreprt)              that will remove this deprecated code.



[40




]
Underfull \hbox (badness 10000) in paragraph at lines 55--56
[]|\TU/lmtt/m/n/12 default_download_IC_1() \TU/Optima(0)/m/n/12 re-
 []


Overfull \hbox (96.3929pt too wide) in paragraph at lines 49--73
 [][] 
 []


Overfull \hbox (56.9466pt too wide) in paragraph at lines 77--82
\TU/Optima(0)/m/n/12 calls \TU/lmtt/m/n/12 default_download_IC_1()\TU/Optima(0)
/m/n/12 ; \TU/lmtt/m/n/12 SigmaStudioFW.c \TU/Optima(0)/m/n/12 im-ple-ments \TU
/lmtt/m/n/12 SIGMA_WRITE_REGISTER_BLOCK
 []



[41]

Package hyperref Warning: Token not allowed in a PDF string (Unicode):
(hyperref)                removing `\mathsurround' on input line 108.


Package hyperref Warning: Token not allowed in a PDF string (Unicode):
(hyperref)                removing `\z@' on input line 108.


Package hyperref Warning: Token not allowed in a PDF string (Unicode):
(hyperref)                removing `superscript' on input line 108.


Overfull \hbox (5.42216pt too wide) in paragraph at lines 137--144
\TU/Optima(0)/m/n/12 tion [][]8.2.10[][]). Af-ter down-load, \TU/lmtt/m/n/12 loa
dAndApply() \TU/Optima(0)/m/n/12 re-stores the saved \TU/lmtt/m/n/12 core::Audio
Profile
 []


Overfull \hbox (22.9358pt too wide) in paragraph at lines 154--171
 [][] 
 []


Overfull \hbox (142.23338pt too wide) in paragraph at lines 175--179
[]\TU/lmtt/m/n/12 AudioService \TU/Optima(0)/m/n/12 merges \TU/lmtt/m/n/12 Audio
Profile::enhancements \TU/Optima(0)/m/n/12 into the ef-fec-tive EQ via \TU/lmtt
/m/n/12 core::applyEnhancementsToEq()
 []



[42]
Overfull \hbox (26.60176pt too wide) in paragraph at lines 208--226
 [][] 
 []



[43]
Overfull \hbox (98.4962pt too wide) in paragraph at lines 239--242
\TU/Optima(0)/m/n/12 Vol-ume cells (faders, mas-ter) store lin-ear gain as ADAU \TU/Optima(0)/b/n/12 8.23 fix-point\TU/Optima(0)/m/n/12 . \TU/lmtt/m/n/12 core::gainDbToLinearFixpoint()
 []



[44]
Overfull \hbox (3.06868pt too wide) in paragraph at lines 296--300
[]\TU/lmtt/m/n/12 sigma_safeload_param() \TU/Optima(0)/m/n/12 han-dles one cell (vol-ume fader). \TU/lmtt/m/n/12 sigma_safeload_block()
 []


Overfull \hbox (58.096pt too wide) in paragraph at lines 322--325
\TU/Optima(0)/m/n/12 key \TU/lmtt/m/n/12 audio_profile_json \TU/Optima(0)/m/n/1
2 in names-pace \TU/lmtt/m/n/12 digiradio \TU/Optima(0)/m/n/12 via \TU/lmtt/m/n
/12 secure_store::NvsAudioProfileStore\TU/Optima(0)/m/n/12 . 
 []



[45]
Overfull \hbox (23.33275pt too wide) in paragraph at lines 356--360
[]\TU/Optima(0)/m/n/12 On boot, \TU/lmtt/m/n/12 HardwareBootstrap::boot() \TU/O
ptima(0)/m/n/12 runs Si4684 boot, then \TU/lmtt/m/n/12 Adau1701Driver::boot()\T
U/Optima(0)/m/n/12 ,
 []



[46]
Overfull \hbox (8.87547pt too wide) in paragraph at lines 389--391
[]\TU/Optima(0)/m/n/12 Af-ter \TU/lmtt/m/n/12 HardwareBootstrap::boot()\TU/Opti
ma(0)/m/n/12 , ob-tain \TU/lmtt/m/n/12 HardwareBootstrap::audioService()\TU/Opt
ima(0)/m/n/12 . 
 []


Overfull \hbox (29.69057pt too wide) in paragraph at lines 414--417
\TU/Optima(0)/m/n/12 band in-dices and cen-tre fre-quen-cies still match; oth-er
-wise re-set via \TU/lmtt/m/n/12 POST /api/audio/reset
 []



[47]
Overfull \hbox (7.37766pt too wide) in paragraph at lines 441--444
\TU/Optima(0)/m/n/12 store/DSP fail-ures to \TU/lmtt/m/n/12 {"status":"error","r
eason":"store_failed"} \TU/Optima(0)/m/n/12 with HTTP 500. 
 []

)

[48]
\openout2 = ch-bt1035.aux
 (./ch-bt1035.tex
chapter 7.

Class scrreprt Warning: Redefinition of \@makechapterhead detected.
(scrreprt)              Note: KOMA-Script does use styles for commands like
(scrreprt)              \chapter. Currently it internally still provides and
(scrreprt)              uses \@makechapterhead, but a completely different
(scrreprt)              definition compared to the standard classes.
(scrreprt)              So redefining or using internal \@makechapterhead
(scrreprt)              by users or package authors may already break
(scrreprt)              KOMA-Script and will not work with a coming version,
(scrreprt)              that will remove this deprecated code.



[49




]

[50]

[51]
LaTeX Font Info:    Font shape `TU/lmtt/bx/n' in size <10.95> not available
(Font)              Font shape `TU/lmtt/b/n' tried instead on input line 201.

Overfull \hbox (53.20805pt too wide) in paragraph at lines 218--223
\TU/Optima(0)/m/n/12 ter \TU/lmtt/m/n/12 AudioService::loadAndApply()\TU/Optima
(0)/m/n/12 . Fail-ure re-turns \TU/lmtt/m/n/12 HardwareBootError::Bt1035BootFail
ed
 []



[52]
Overfull \hbox (3.3338pt too wide) in paragraph at lines 250--252
[]\TU/Optima(0)/m/n/12 Feasy-com FSC-BT1035 AT com-mand man-ual (ven-dor) --- fu
ll com-mand set; firmware
 []

)

[53]
\openout2 = ch-api.aux
 (./ch-api.tex
chapter 8.

Class scrreprt Warning: Redefinition of \@makechapterhead detected.
(scrreprt)              Note: KOMA-Script does use styles for commands like
(scrreprt)              \chapter. Currently it internally still provides and
(scrreprt)              uses \@makechapterhead, but a completely different
(scrreprt)              definition compared to the standard classes.
(scrreprt)              So redefining or using internal \@makechapterhead
(scrreprt)              by users or package authors may already break
(scrreprt)              KOMA-Script and will not work with a coming version,
(scrreprt)              that will remove this deprecated code.

LaTeX Font Info:    Font shape `TU/lmtt/bx/n' in size <12> not available
(Font)              Font shape `TU/lmtt/b/n' tried instead on input line 15.
LaTeX Font Info:    Font shape `TU/lmtt/bx/n' in size <14.4> not available
(Font)              Font shape `TU/lmtt/b/n' tried instead on input line 30.

\openout6 = manual.listing
(./manual.listing)
Underfull \hbox (badness 4846) in paragraph at lines 47--49
[]\TU/lmtt/m/n/12 serialNumber \TU/Optima(0)/m/n/12 --- canon-i-cal EEP-ROM se-r
ial, or \TU/lmtt/m/n/12 unknown \TU/Optima(0)/m/n/12 when the
 []



[54




]
Overfull \hbox (97.47548pt too wide) in paragraph at lines 59--66
\TU/Optima(0)/m/n/12 Ac-cepts Wi-Fi cre-den-tials for sta-tion (STA) join. The 
body is parsed by \TU/lmtt/m/n/12 core::parseWifiProvisionJson()
 []


Overfull \hbox (34.69392pt too wide) in paragraph at lines 59--66
\TU/Optima(0)/m/n/12 into a \TU/lmtt/m/n/12 core::WifiCredentials \TU/Optima(0)
/m/n/12 value (SSID as \TU/lmtt/m/n/12 core::WifiSsid\TU/Optima(0)/m/n/12 , pass
-word as \TU/lmtt/m/n/12 core::Secret\TU/Optima(0)/m/n/12 ).
 []


\openout6 = manual.listing
(./manual.listing)
\openout6 = manual.listing
 (./manual.listing)

[55]
\openout6 = manual.listing
 (./manual.listing)
Underfull \hbox (badness 4036) in paragraph at lines 91--95
[]\TU/Optima(0)/m/n/12 Se-ri-alised by \TU/lmtt/m/n/12 core::serializeWifiProvis
ionErrorJson()\TU/Optima(0)/m/n/12 . Rea-son to-
 []


\openout6 = manual.listing
(./manual.listing)

[56]
Overfull \hbox (15.01732pt too wide) in paragraph at lines 131--133
\TU/Optima(0)/m/n/12 Lists DAB pro-grammes for the cur-rent en-sem-ble via \TU/
lmtt/m/n/12 TunerService::listDabServices()\TU/Optima(0)/m/n/12 . 
 []


\openout6 = manual.listing
(./manual.listing)
Overfull \hbox (25.66873pt too wide) in paragraph at lines 146--148
\TU/Optima(0)/m/n/12 Tunes to a DAB en-sem-ble or FM fre-quency. Body parsed by \TU/lmtt/m/n/12 core::parseTunerTuneJson()\TU/Optima(0)/m/n/12 . 
 []


\openout6 = manual.listing
(./manual.listing)
\openout6 = manual.listing
 (./manual.listing)
\openout6 = manual.listing
 (./manual.listing)

[57]
Overfull \hbox (68.5322pt too wide) in paragraph at lines 183--188
\TU/Optima(0)/m/n/12 Seeks FM in the re-quested di-rec-tion. Op-tional JSON body
 parsed by \TU/lmtt/m/n/12 core::parseTunerSeekJson()\TU/Optima(0)/m/n/12 ;
 []


\openout6 = manual.listing
(./manual.listing)
Overfull \hbox (70.3715pt too wide) in paragraph at lines 200--205
\TU/Optima(0)/m/n/12 Re-turns the cur-rent ADAU1701 au-dio snap-shot se-ri-alise
d by \TU/lmtt/m/n/12 core::serializeAudioProfileJson()
 []


Overfull \hbox (32.41708pt too wide) in paragraph at lines 200--205
\TU/Optima(0)/m/n/12 from \TU/lmtt/m/n/12 core::AudioProfile\TU/Optima(0)/m/n/1
2 . The han-dler reads \TU/lmtt/m/n/12 audio::AudioService::currentProfile()\TU
/Optima(0)/m/n/12 .
 []


\openout6 = manual.listing
(./manual.listing)

[58]
\openout6 = manual.listing
 (./manual.listing)
Overfull \hbox (64.19818pt too wide) in paragraph at lines 241--246
\TU/Optima(0)/m/n/12 Up-loads a framed ADAU1701 RAM down-load blob (\TU/lmtt/m/
n/12 DRAD \TU/Optima(0)/m/n/12 v1, see \TU/lmtt/m/n/12 core::parseDspProgramBlob
()\TU/Optima(0)/m/n/12 ).
 []


\openout6 = manual.listing
(./manual.listing)

[59]
\openout6 = manual.listing
 (./manual.listing)
Overfull \hbox (5.10533pt too wide) in paragraph at lines 275--280
\TU/Optima(0)/m/n/12 write fail-ures; \TU/Optima(0)/b/n/12 413 \TU/Optima(0)/m/
n/12 when the body ex-ceeds 1.7MiB (\TU/lmtt/m/n/12 0x1B0000\TU/Optima(0)/m/n/1
2 ); \TU/Optima(0)/b/n/12 500 \TU/Optima(0)/m/n/12 on \TU/lmtt/m/n/12 esp_ota_en
d\TU/Optima(0)/m/n/12 /set-
 []



[60]
\openout6 = manual.listing
 (./manual.listing)
Overfull \hbox (167.99754pt too wide) in paragraph at lines 322--325
\TU/Optima(0)/m/n/12 A2DP state, mod-ule friendly name, and auto-reconnect count
. Se-ri-alised by \TU/lmtt/m/n/12 core::serializeBluetoothStatusJson()\TU/Optim
a(0)/m/n/12 . 
 []


\openout6 = manual.listing
(./manual.listing)

[61]
Overfull \hbox (51.9743pt too wide) in paragraph at lines 353--355
\TU/Optima(0)/m/n/12 Re-turns paired re-motes from \TU/lmtt/m/n/12 AT+PLIST\TU/
Optima(0)/m/n/12 , se-ri-alised by \TU/lmtt/m/n/12 core::serializeBluetoothPaire
dJson()\TU/Optima(0)/m/n/12 . 
 []


\openout6 = manual.listing
(./manual.listing)
\openout6 = manual.listing
 (./manual.listing)
Overfull \hbox (82.33127pt too wide) in paragraph at lines 387--389
\TU/Optima(0)/m/n/12 Adds one pre-set (\TU/lmtt/m/n/12 core::parseStationJson()\TU/Optima(0)/m/n/12 ); per-sists via \TU/lmtt/m/n/12 ISecureStore::saveStationListJson()\TU/Optima(0)/m/n/12 . 
 []



[62]
Overfull \hbox (11.32848pt too wide) in paragraph at lines 410--414
\TU/Optima(0)/m/n/12 effort re-calls the last sta-tion. Then \TU/lmtt/m/n/12 net
::NetBootstrap::start(store, tuner, audio,
 []


Overfull \hbox (28.81047pt too wide) in paragraph at lines 410--414
\TU/lmtt/m/n/12 bluetooth, stations, integration) \TU/Optima(0)/m/n/12 con-sults
 \TU/lmtt/m/n/12 ISecureStore::hasWifiCredentials()\TU/Optima(0)/m/n/12 : 
 []


Overfull \hbox (47.08118pt too wide) in paragraph at lines 419--421
[]\TU/Optima(0)/b/n/12 No cre-den-tials, or STA join fails \TU/Optima(0)/m/n/12
 --- fall back to Sof-tAP setup mode (\TU/lmtt/m/n/12 NetState::SoftApSetup\TU/
Optima(0)/m/n/12 ). 
 []


Overfull \hbox (18.87204pt too wide) in paragraph at lines 429--436
\TU/lmtt/m/n/12 wifi_pwd\TU/Optima(0)/m/n/12 . Au-dio pro-files (non-secret) use
 the same names-pace, key \TU/lmtt/m/n/12 audio_profile_json\TU/Optima(0)/m/n/1
2 ,
 []



[63])

[64]
\openout2 = ch-classes.aux
 (./ch-classes.tex
chapter 9.

Class scrreprt Warning: Redefinition of \@makechapterhead detected.
(scrreprt)              Note: KOMA-Script does use styles for commands like
(scrreprt)              \chapter. Currently it internally still provides and
(scrreprt)              uses \@makechapterhead, but a completely different
(scrreprt)              definition compared to the standard classes.
(scrreprt)              So redefining or using internal \@makechapterhead
(scrreprt)              by users or package authors may already break
(scrreprt)              KOMA-Script and will not work with a coming version,
(scrreprt)              that will remove this deprecated code.


Overfull \hbox (8.0069pt too wide) in paragraph at lines 27--31
\TU/Optima(0)/m/n/12 Strong type wrap-ping the firmware re-lease iden-ti-fier (e
.g. \TU/lmtt/m/n/12 0.8.3\TU/Optima(0)/m/n/12 ). Used by \TU/lmtt/m/n/12 HealthS
tatus
 []



[65




]
Overfull \hbox (122.51537pt too wide) in paragraph at lines 38--43
\TU/Optima(0)/m/n/12 Im-mutable health-check DTO re-turned by \TU/lmtt/m/n/12 GE
T /api/health\TU/Optima(0)/m/n/12 . Built via \TU/lmtt/m/n/12 HealthStatus::ok(F
irmwareVersion,
 []


Overfull \hbox (14.17528pt too wide) in paragraph at lines 65--69
\TU/Optima(0)/m/n/12 Im-mutable value type hold-ing Sof-tAP pa-ram-e-ters (SSID,
 chan-nel, sta-tion limit). \TU/lmtt/m/n/12 forSsid()
 []


Overfull \hbox (9.39565pt too wide) in paragraph at lines 65--69
\TU/Optima(0)/m/n/12 builds setup pa-ram-e-ters from \TU/lmtt/m/n/12 DeviceIdent
ity::softApSsid()\TU/Optima(0)/m/n/12 ; \TU/lmtt/m/n/12 setupDefault() \TU/Opti
ma(0)/m/n/12 keeps
 []



[66]

[67]
Overfull \hbox (6.0179pt too wide) in paragraph at lines 119--123
\TU/lmtt/m/n/12 sdkconfig.defaults\TU/Optima(0)/m/n/12 ; ini-tial-i-sa-tion runs
 in \TU/lmtt/m/n/12 secure_store::initEncryptedStorage()
 []



[68]
Overfull \hbox (2.9967pt too wide) in paragraph at lines 140--144
\TU/Optima(0)/m/n/12 Owns \TU/lmtt/m/n/12 EmbeddedBlobReader \TU/Optima(0)/m/n/
12 views over \TU/lmtt/m/n/12 rom_patch_016.bin\TU/Optima(0)/m/n/12 , \TU/lmtt/
m/n/12 dab_firmware.bin\TU/Optima(0)/m/n/12 , and
 []


Overfull \hbox (62.80574pt too wide) in paragraph at lines 140--144
\TU/lmtt/m/n/12 fm_firmware.bin\TU/Optima(0)/m/n/12 . Con-structed once; passed to \TU/lmtt/m/n/12 Si4684Driver\TU/Optima(0)/m/n/12 . \TU/lmtt/m/n/12 applicationImage(Si4684Band)
 []


Overfull \hbox (14.60805pt too wide) in paragraph at lines 148--156
\TU/Optima(0)/m/n/12 er-ties, and records \TU/lmtt/m/n/12 loadedBand()\TU/Optim
a(0)/m/n/12 . Af-ter boot the driver ex-poses FM tun-ing/seek/RSQ/RDS,
 []


Overfull \hbox (42.69589pt too wide) in paragraph at lines 158--162
\TU/Optima(0)/m/n/12 digit MAC, and op-tional friendly name. Parsed by \TU/lmtt
/m/n/12 core::parseBt1035PairedListResponse()
 []



[69]
Overfull \hbox (10.79979pt too wide) in paragraph at lines 170--178
\TU/Optima(0)/m/n/12 tialises the shared I2C bus, and re-plays the Sig-maS-tu-di
o ex-port from \TU/lmtt/m/n/12 Firmware/ADAU1701-
 []


Overfull \hbox (38.38005pt too wide) in paragraph at lines 170--178
\TU/lmtt/m/n/12 Firmware/ \TU/Optima(0)/m/n/12 on ev-ery power-up (no EEP-ROM se
lf-boot on Di-gi-Ra-dio). Ex-poses \TU/lmtt/m/n/12 i2cBusHandle()
 []



[70]
Overfull \hbox (98.44717pt too wide) in paragraph at lines 205--207
\TU/Optima(0)/m/n/12 Builds the fac-tory \TU/lmtt/m/n/12 DspProgram \TU/Optima(
0)/m/n/12 from \TU/lmtt/m/n/12 DigiRadio_IC_1.h \TU/Optima(0)/m/n/12 (five write
s match-ing \TU/lmtt/m/n/12 default_download_IC_1()\TU/Optima(0)/m/n/12 ). 
 []


Overfull \hbox (26.11955pt too wide) in paragraph at lines 221--224
\TU/Optima(0)/m/n/12 level, and EQ band gain. Con-verted to ADAU 8.23 fix-point via \TU/lmtt/m/n/12 gainDbToLinearFixpoint()
 []



[71]
Overfull \hbox (0.27411pt too wide) in paragraph at lines 241--244
\TU/Optima(0)/m/n/12 Ab-stract ADAU1701 con-trol bound-ary. De-fines \TU/lmtt/m
/n/12 applyProfile()\TU/Optima(0)/m/n/12 , \TU/lmtt/m/n/12 setInputVolume()\TU/
Optima(0)/m/n/12 ,
 []



[72]
Overfull \hbox (46.5968pt too wide) in paragraph at lines 270--277
\TU/Optima(0)/m/n/12 and bass en-hance lev-els are merged into the ef-fec-tive 
EQ via \TU/lmtt/m/n/12 core::applyEnhancementsToEq()\TU/Optima(0)/m/n/12 .
 []



[73]
Overfull \hbox (77.25948pt too wide) in paragraph at lines 287--289
\TU/Optima(0)/m/n/12 Strong type for a pre-set la-bel (1--32 bytes). Parsed at 
the HTTP bound-ary via \TU/lmtt/m/n/12 StationName::tryFrom()\TU/Optima(0)/m/n/
12 . 
 []



[74]
Overfull \hbox (16.0507pt too wide) in paragraph at lines 317--320
\TU/Optima(0)/m/n/12 Ap-pli-ca-tion ser-vice load-ing/sav-ing pre-sets from NVS and re-call-ing them via \TU/lmtt/m/n/12 TunerService\TU/Optima(0)/m/n/12 .
 []



[75])

[76]
\openout2 = ch-build.aux
 (./ch-build.tex
chapter 10.

Class scrreprt Warning: Redefinition of \@makechapterhead detected.
(scrreprt)              Note: KOMA-Script does use styles for commands like
(scrreprt)              \chapter. Currently it internally still provides and
(scrreprt)              uses \@makechapterhead, but a completely different
(scrreprt)              definition compared to the standard classes.
(scrreprt)              So redefining or using internal \@makechapterhead
(scrreprt)              by users or package authors may already break
(scrreprt)              KOMA-Script and will not work with a coming version,
(scrreprt)              that will remove this deprecated code.


Overfull \hbox (28.91792pt too wide) in paragraph at lines 11--21
 [][] 
 []


\openout6 = manual.listing
(./manual.listing)

[77




]
\openout6 = manual.listing
 (./manual.listing)
\openout6 = manual.listing
 (./manual.listing)

[78]
\openout6 = manual.listing
 (./manual.listing)
\openout6 = manual.listing
 (./manual.listing)

[79])

[80]
\openout2 = ch-licensing.aux
 (./ch-licensing.tex
chapter 11.

Class scrreprt Warning: Redefinition of \@makechapterhead detected.
(scrreprt)              Note: KOMA-Script does use styles for commands like
(scrreprt)              \chapter. Currently it internally still provides and
(scrreprt)              uses \@makechapterhead, but a completely different
(scrreprt)              definition compared to the standard classes.
(scrreprt)              So redefining or using internal \@makechapterhead
(scrreprt)              by users or package authors may already break
(scrreprt)              KOMA-Script and will not work with a coming version,
(scrreprt)              that will remove this deprecated code.



[81




])

[82]

[83




] (./manual.aux (./ch-intro.aux) (./ch-hardware.aux) (./ch-sigmastudio.aux)
(./ch-firmware.aux) (./ch-si4684.aux) (./ch-adau1701.aux) (./ch-bt1035.aux)
(./ch-api.aux) (./ch-classes.aux) (./ch-build.aux) (./ch-licensing.aux))
 ***********
LaTeX2e <2024-11-01> patch level 2
L3 programming layer <2025-01-18>
 ***********
Package rerunfilecheck Info: File `manual.out' has not changed.
(rerunfilecheck)             Checksum: D41D8CD98F00B204E9800998ECF8427E;0.
)

Here is how much of LuaTeX's memory you used:
 38062 strings out of 475506
 156264,1977958 words of node,token memory allocated
 1444 words of node memory still in use:
   31 hlist, 2 vlist, 14 rule, 1 local_par, 5 glue, 4 kern, 1 penalty, 1 margin_
kern, 4 glyph, 84 attribute, 67 glue_spec, 84 attribute_list, 2 write, 24 pdf_li
teral, 1 pdf_action, 26 pdf_colorstack nodes
   avail lists: 1:4,2:4373,3:2115,4:547,5:2654,6:112,7:6564,8:39,9:5586,10:48,11
:396,12:1
 59439 multiletter control sequences out of 65536+600000
 84 fonts using 5011631 bytes
 139i,15n,127p,10900b,2021s stack positions out of 10000i,1000n,20000p,200000b,200000s
</usr/local/texlive/2025/texmf-dist/fonts/opentype/public/lm/lmmonolt10-bold.otf
></System/Library/Fonts/Optima.ttc></usr/local/texlive/2025/texmf-dist/fonts/ope
ntype/public/lm/lmmono12-regular.otf></usr/local/texlive/2025/texmf-dist/fonts/o
pentype/public/lm/lmsans10-bold.otf></usr/local/texlive/2025/texmf-dist/fonts/op
entype/public/lm/lmmono10-regular.otf></System/Library/Fonts/Optima.ttc></System
/Library/Fonts/Optima.ttc></usr/local/texlive/2025/texmf-dist/fonts/type1/public
/amsfonts/cm/cmmi10.pfb></usr/local/texlive/2025/texmf-dist/fonts/type1/public/a
msfonts/cm/cmmi12.pfb></usr/local/texlive/2025/texmf-dist/fonts/type1/public/ams
fonts/cm/cmr10.pfb></usr/local/texlive/2025/texmf-dist/fonts/type1/public/amsfon
ts/cm/cmr12.pfb></usr/local/texlive/2025/texmf-dist/fonts/type1/public/amsfonts/
cm/cmsy10.pfb>
Output written on manual.pdf (83 pages, 422118 bytes).

PDF statistics: 1809 PDF objects out of 2073 (max. 8388607)
 1655 compressed objects within 17 object streams
 449 named destinations out of 1000 (max. 131072)
 1880 words of extra memory for PDF output out of 10000 (max. 100000000)

